{"/home/redsec/Ambiente/prompt-generator/src/cli/args.ts": {"path":"/home/redsec/Ambiente/prompt-generator/src/cli/args.ts","statementMap":{"0":{"start":{"line":62,"column":0},"end":{"line":62,"column":16}},"1":{"start":{"line":1,"column":0},"end":{"line":1,"column":26}},"2":{"start":{"line":4,"column":13},"end":{"line":38,"column":8}},"3":{"start":{"line":40,"column":48},"end":{"line":48,"column":2}},"4":{"start":{"line":63,"column":15},"end":{"line":63,"column":28}},"5":{"start":{"line":65,"column":2},"end":{"line":68,"column":3}},"6":{"start":{"line":66,"column":4},"end":{"line":66,"column":22}},"7":{"start":{"line":67,"column":4},"end":{"line":67,"column":20}},"8":{"start":{"line":70,"column":14},"end":{"line":73,"column":3}},"9":{"start":{"line":71,"column":14},"end":{"line":71,"column":32}},"10":{"start":{"line":72,"column":4},"end":{"line":72,"column":61}},"11":{"start":{"line":75,"column":40},"end":{"line":75,"column":42}},"12":{"start":{"line":76,"column":21},"end":{"line":76,"column":35}},"13":{"start":{"line":77,"column":21},"end":{"line":77,"column":36}},"14":{"start":{"line":78,"column":21},"end":{"line":78,"column":62}},"15":{"start":{"line":79,"column":21},"end":{"line":79,"column":38}},"16":{"start":{"line":80,"column":21},"end":{"line":80,"column":39}},"17":{"start":{"line":81,"column":21},"end":{"line":81,"column":54}},"18":{"start":{"line":82,"column":21},"end":{"line":82,"column":64}},"19":{"start":{"line":83,"column":21},"end":{"line":83,"column":38}},"20":{"start":{"line":84,"column":21},"end":{"line":84,"column":35}},"21":{"start":{"line":85,"column":23},"end":{"line":85,"column":44}},"22":{"start":{"line":86,"column":21},"end":{"line":86,"column":44}},"23":{"start":{"line":87,"column":21},"end":{"line":87,"column":45}},"24":{"start":{"line":88,"column":21},"end":{"line":88,"column":70}},"25":{"start":{"line":89,"column":21},"end":{"line":89,"column":41}},"26":{"start":{"line":90,"column":27},"end":{"line":90,"column":57}},"27":{"start":{"line":92,"column":27},"end":{"line":92,"column":114}},"28":{"start":{"line":93,"column":27},"end":{"line":93,"column":99}},"29":{"start":{"line":94,"column":27},"end":{"line":94,"column":92}},"30":{"start":{"line":96,"column":2},"end":{"line":99,"column":3}},"31":{"start":{"line":97,"column":4},"end":{"line":97,"column":118}},"32":{"start":{"line":98,"column":4},"end":{"line":98,"column":20}},"33":{"start":{"line":100,"column":2},"end":{"line":103,"column":3}},"34":{"start":{"line":101,"column":4},"end":{"line":101,"column":105}},"35":{"start":{"line":102,"column":4},"end":{"line":102,"column":20}},"36":{"start":{"line":104,"column":2},"end":{"line":107,"column":3}},"37":{"start":{"line":105,"column":4},"end":{"line":105,"column":111}},"38":{"start":{"line":106,"column":4},"end":{"line":106,"column":20}},"39":{"start":{"line":109,"column":2},"end":{"line":109,"column":47}},"40":{"start":{"line":109,"column":20},"end":{"line":109,"column":47}},"41":{"start":{"line":110,"column":2},"end":{"line":110,"column":48}},"42":{"start":{"line":110,"column":20},"end":{"line":110,"column":48}},"43":{"start":{"line":111,"column":2},"end":{"line":111,"column":50}},"44":{"start":{"line":111,"column":20},"end":{"line":111,"column":50}},"45":{"start":{"line":112,"column":2},"end":{"line":112,"column":50}},"46":{"start":{"line":112,"column":20},"end":{"line":112,"column":50}},"47":{"start":{"line":113,"column":2},"end":{"line":113,"column":51}},"48":{"start":{"line":113,"column":20},"end":{"line":113,"column":51}},"49":{"start":{"line":114,"column":2},"end":{"line":114,"column":46}},"50":{"start":{"line":114,"column":20},"end":{"line":114,"column":46}},"51":{"start":{"line":115,"column":2},"end":{"line":115,"column":48}},"52":{"start":{"line":115,"column":20},"end":{"line":115,"column":48}},"53":{"start":{"line":116,"column":2},"end":{"line":116,"column":50}},"54":{"start":{"line":116,"column":20},"end":{"line":116,"column":50}},"55":{"start":{"line":117,"column":2},"end":{"line":117,"column":47}},"56":{"start":{"line":117,"column":20},"end":{"line":117,"column":47}},"57":{"start":{"line":118,"column":2},"end":{"line":118,"column":85}},"58":{"start":{"line":118,"column":20},"end":{"line":118,"column":85}},"59":{"start":{"line":118,"column":75},"end":{"line":118,"column":83}},"60":{"start":{"line":119,"column":2},"end":{"line":119,"column":74}},"61":{"start":{"line":119,"column":23},"end":{"line":119,"column":74}},"62":{"start":{"line":121,"column":22},"end":{"line":121,"column":87}},"63":{"start":{"line":121,"column":39},"end":{"line":121,"column":86}},"64":{"start":{"line":122,"column":21},"end":{"line":125,"column":4}},"65":{"start":{"line":123,"column":18},"end":{"line":123,"column":31}},"66":{"start":{"line":124,"column":4},"end":{"line":124,"column":80}},"67":{"start":{"line":127,"column":2},"end":{"line":137,"column":4}}},"fnMap":{"0":{"name":"parseArgs","decl":{"start":{"line":62,"column":16},"end":{"line":62,"column":25}},"loc":{"start":{"line":62,"column":40},"end":{"line":138,"column":1}}},"1":{"name":"(anonymous_2)","decl":{"start":{"line":70,"column":14},"end":{"line":70,"column":15}},"loc":{"start":{"line":70,"column":51},"end":{"line":73,"column":3}}},"2":{"name":"(anonymous_3)","decl":{"start":{"line":118,"column":70},"end":{"line":118,"column":71}},"loc":{"start":{"line":118,"column":75},"end":{"line":118,"column":83}}},"3":{"name":"(anonymous_4)","decl":{"start":{"line":121,"column":32},"end":{"line":121,"column":35}},"loc":{"start":{"line":121,"column":39},"end":{"line":121,"column":86}}},"4":{"name":"(anonymous_5)","decl":{"start":{"line":122,"column":43},"end":{"line":122,"column":48}},"loc":{"start":{"line":122,"column":51},"end":{"line":125,"column":3}}}},"branchMap":{"0":{"loc":{"start":{"line":65,"column":2},"end":{"line":68,"column":3}},"type":"if","locations":[{"start":{"line":65,"column":2},"end":{"line":68,"column":3}},{"start":{},"end":{}}]},"1":{"loc":{"start":{"line":65,"column":6},"end":{"line":65,"column":52}},"type":"binary-expr","locations":[{"start":{"line":65,"column":6},"end":{"line":65,"column":29}},{"start":{"line":65,"column":33},"end":{"line":65,"column":52}}]},"2":{"loc":{"start":{"line":72,"column":11},"end":{"line":72,"column":60}},"type":"cond-expr","locations":[{"start":{"line":72,"column":37},"end":{"line":72,"column":48}},{"start":{"line":72,"column":51},"end":{"line":72,"column":60}}]},"3":{"loc":{"start":{"line":72,"column":11},"end":{"line":72,"column":34}},"type":"binary-expr","locations":[{"start":{"line":72,"column":11},"end":{"line":72,"column":19}},{"start":{"line":72,"column":23},"end":{"line":72,"column":34}}]},"4":{"loc":{"start":{"line":96,"column":2},"end":{"line":99,"column":3}},"type":"if","locations":[{"start":{"line":96,"column":2},"end":{"line":99,"column":3}},{"start":{},"end":{}}]},"5":{"loc":{"start":{"line":96,"column":6},"end":{"line":96,"column":54}},"type":"binary-expr","locations":[{"start":{"line":96,"column":6},"end":{"line":96,"column":14}},{"start":{"line":96,"column":18},"end":{"line":96,"column":54}}]},"6":{"loc":{"start":{"line":100,"column":2},"end":{"line":103,"column":3}},"type":"if","locations":[{"start":{"line":100,"column":2},"end":{"line":103,"column":3}},{"start":{},"end":{}}]},"7":{"loc":{"start":{"line":100,"column":6},"end":{"line":100,"column":41}},"type":"binary-expr","locations":[{"start":{"line":100,"column":6},"end":{"line":100,"column":10}},{"start":{"line":100,"column":14},"end":{"line":100,"column":41}}]},"8":{"loc":{"start":{"line":104,"column":2},"end":{"line":107,"column":3}},"type":"if","locations":[{"start":{"line":104,"column":2},"end":{"line":107,"column":3}},{"start":{},"end":{}}]},"9":{"loc":{"start":{"line":104,"column":6},"end":{"line":104,"column":47}},"type":"binary-expr","locations":[{"start":{"line":104,"column":6},"end":{"line":104,"column":12}},{"start":{"line":104,"column":16},"end":{"line":104,"column":47}}]},"10":{"loc":{"start":{"line":109,"column":2},"end":{"line":109,"column":47}},"type":"if","locations":[{"start":{"line":109,"column":2},"end":{"line":109,"column":47}},{"start":{},"end":{}}]},"11":{"loc":{"start":{"line":110,"column":2},"end":{"line":110,"column":48}},"type":"if","locations":[{"start":{"line":110,"column":2},"end":{"line":110,"column":48}},{"start":{},"end":{}}]},"12":{"loc":{"start":{"line":111,"column":2},"end":{"line":111,"column":50}},"type":"if","locations":[{"start":{"line":111,"column":2},"end":{"line":111,"column":50}},{"start":{},"end":{}}]},"13":{"loc":{"start":{"line":112,"column":2},"end":{"line":112,"column":50}},"type":"if","locations":[{"start":{"line":112,"column":2},"end":{"line":112,"column":50}},{"start":{},"end":{}}]},"14":{"loc":{"start":{"line":113,"column":2},"end":{"line":113,"column":51}},"type":"if","locations":[{"start":{"line":113,"column":2},"end":{"line":113,"column":51}},{"start":{},"end":{}}]},"15":{"loc":{"start":{"line":114,"column":2},"end":{"line":114,"column":46}},"type":"if","locations":[{"start":{"line":114,"column":2},"end":{"line":114,"column":46}},{"start":{},"end":{}}]},"16":{"loc":{"start":{"line":115,"column":2},"end":{"line":115,"column":48}},"type":"if","locations":[{"start":{"line":115,"column":2},"end":{"line":115,"column":48}},{"start":{},"end":{}}]},"17":{"loc":{"start":{"line":116,"column":2},"end":{"line":116,"column":50}},"type":"if","locations":[{"start":{"line":116,"column":2},"end":{"line":116,"column":50}},{"start":{},"end":{}}]},"18":{"loc":{"start":{"line":117,"column":2},"end":{"line":117,"column":47}},"type":"if","locations":[{"start":{"line":117,"column":2},"end":{"line":117,"column":47}},{"start":{},"end":{}}]},"19":{"loc":{"start":{"line":118,"column":2},"end":{"line":118,"column":85}},"type":"if","locations":[{"start":{"line":118,"column":2},"end":{"line":118,"column":85}},{"start":{},"end":{}}]},"20":{"loc":{"start":{"line":119,"column":2},"end":{"line":119,"column":74}},"type":"if","locations":[{"start":{"line":119,"column":2},"end":{"line":119,"column":74}},{"start":{},"end":{}}]},"21":{"loc":{"start":{"line":119,"column":6},"end":{"line":119,"column":21}},"type":"binary-expr","locations":[{"start":{"line":119,"column":6},"end":{"line":119,"column":11}},{"start":{"line":119,"column":15},"end":{"line":119,"column":21}}]},"22":{"loc":{"start":{"line":121,"column":39},"end":{"line":121,"column":86}},"type":"binary-expr","locations":[{"start":{"line":121,"column":39},"end":{"line":121,"column":59}},{"start":{"line":121,"column":63},"end":{"line":121,"column":86}}]},"23":{"loc":{"start":{"line":124,"column":11},"end":{"line":124,"column":79}},"type":"binary-expr","locations":[{"start":{"line":124,"column":11},"end":{"line":124,"column":30}},{"start":{"line":124,"column":34},"end":{"line":124,"column":48}},{"start":{"line":124,"column":52},"end":{"line":124,"column":79}}]}},"s":{"0":1,"1":1,"2":1,"3":1,"4":11,"5":11,"6":0,"7":0,"8":11,"9":154,"10":154,"11":11,"12":11,"13":11,"14":11,"15":11,"16":11,"17":11,"18":11,"19":11,"20":11,"21":11,"22":11,"23":11,"24":11,"25":11,"26":11,"27":11,"28":11,"29":11,"30":11,"31":1,"32":1,"33":10,"34":1,"35":1,"36":9,"37":1,"38":1,"39":8,"40":4,"41":8,"42":1,"43":8,"44":1,"45":8,"46":1,"47":8,"48":1,"49":8,"50":1,"51":8,"52":1,"53":8,"54":0,"55":8,"56":0,"57":8,"58":1,"59":2,"60":8,"61":1,"62":8,"63":9,"64":8,"65":17,"66":17,"67":8},"f":{"0":11,"1":154,"2":2,"3":9,"4":17},"b":{"0":[0,11],"1":[11,11],"2":[17,137],"3":[154,17],"4":[1,10],"5":[11,2],"6":[1,9],"7":[10,2],"8":[1,8],"9":[9,2],"10":[4,4],"11":[1,7],"12":[1,7],"13":[1,7],"14":[1,7],"15":[1,7],"16":[1,7],"17":[0,8],"18":[0,8],"19":[1,7],"20":[1,7],"21":[8,1],"22":[9,9],"23":[17,10,10]}}
,"/home/redsec/Ambiente/prompt-generator/src/cli/fields.ts": {"path":"/home/redsec/Ambiente/prompt-generator/src/cli/fields.ts","statementMap":{"0":{"start":{"line":40,"column":0},"end":{"line":40,"column":7}},"1":{"start":{"line":89,"column":0},"end":{"line":89,"column":7}},"2":{"start":{"line":1,"column":0},"end":{"line":1,"column":59}},"3":{"start":{"line":2,"column":0},"end":{"line":2,"column":26}},"4":{"start":{"line":5,"column":13},"end":{"line":14,"column":2}},"5":{"start":{"line":16,"column":13},"end":{"line":23,"column":2}},"6":{"start":{"line":25,"column":13},"end":{"line":33,"column":2}},"7":{"start":{"line":36,"column":2},"end":{"line":36,"column":79}},"8":{"start":{"line":36,"column":24},"end":{"line":36,"column":78}},"9":{"start":{"line":43,"column":16},"end":{"line":47,"column":4}},"10":{"start":{"line":49,"column":17},"end":{"line":53,"column":4}},"11":{"start":{"line":55,"column":19},"end":{"line":59,"column":4}},"12":{"start":{"line":61,"column":19},"end":{"line":65,"column":4}},"13":{"start":{"line":67,"column":20},"end":{"line":71,"column":4}},"14":{"start":{"line":73,"column":15},"end":{"line":77,"column":4}},"15":{"start":{"line":79,"column":17},"end":{"line":83,"column":4}},"16":{"start":{"line":85,"column":2},"end":{"line":85,"column":72}},"17":{"start":{"line":93,"column":18},"end":{"line":97,"column":76}},"18":{"start":{"line":99,"column":19},"end":{"line":99,"column":107}},"19":{"start":{"line":101,"column":16},"end":{"line":104,"column":25}},"20":{"start":{"line":106,"column":26},"end":{"line":109,"column":12}},"21":{"start":{"line":110,"column":23},"end":{"line":110,"column":114}},"22":{"start":{"line":110,"column":77},"end":{"line":110,"column":85}},"23":{"start":{"line":112,"column":22},"end":{"line":115,"column":4}},"24":{"start":{"line":118,"column":2},"end":{"line":130,"column":3}},"25":{"start":{"line":119,"column":20},"end":{"line":123,"column":6}},"26":{"start":{"line":124,"column":21},"end":{"line":128,"column":6}},"27":{"start":{"line":129,"column":4},"end":{"line":129,"column":51}},"28":{"start":{"line":132,"column":2},"end":{"line":132,"column":52}}},"fnMap":{"0":{"name":"req","decl":{"start":{"line":35,"column":9},"end":{"line":35,"column":12}},"loc":{"start":{"line":35,"column":26},"end":{"line":37,"column":1}}},"1":{"name":"(anonymous_2)","decl":{"start":{"line":36,"column":9},"end":{"line":36,"column":10}},"loc":{"start":{"line":36,"column":24},"end":{"line":36,"column":78}}},"2":{"name":"collectRequired","decl":{"start":{"line":40,"column":22},"end":{"line":40,"column":37}},"loc":{"start":{"line":40,"column":68},"end":{"line":86,"column":1}}},"3":{"name":"collectOptional","decl":{"start":{"line":89,"column":22},"end":{"line":89,"column":37}},"loc":{"start":{"line":91,"column":20},"end":{"line":133,"column":1}}},"4":{"name":"(anonymous_5)","decl":{"start":{"line":110,"column":72},"end":{"line":110,"column":73}},"loc":{"start":{"line":110,"column":77},"end":{"line":110,"column":85}}}},"branchMap":{"0":{"loc":{"start":{"line":36,"column":24},"end":{"line":36,"column":78}},"type":"cond-expr","locations":[{"start":{"line":36,"column":35},"end":{"line":36,"column":39}},{"start":{"line":36,"column":42},"end":{"line":36,"column":78}}]},"1":{"loc":{"start":{"line":93,"column":18},"end":{"line":97,"column":76}},"type":"cond-expr","locations":[{"start":{"line":94,"column":6},"end":{"line":94,"column":80}},{"start":{"line":95,"column":6},"end":{"line":97,"column":76}}]},"2":{"loc":{"start":{"line":95,"column":6},"end":{"line":97,"column":76}},"type":"cond-expr","locations":[{"start":{"line":96,"column":8},"end":{"line":96,"column":75}},{"start":{"line":97,"column":8},"end":{"line":97,"column":76}}]},"3":{"loc":{"start":{"line":99,"column":19},"end":{"line":99,"column":107}},"type":"binary-expr","locations":[{"start":{"line":99,"column":19},"end":{"line":99,"column":94}},{"start":{"line":99,"column":98},"end":{"line":99,"column":107}}]},"4":{"loc":{"start":{"line":99,"column":61},"end":{"line":99,"column":83}},"type":"binary-expr","locations":[{"start":{"line":99,"column":61},"end":{"line":99,"column":77}},{"start":{"line":99,"column":81},"end":{"line":99,"column":83}}]},"5":{"loc":{"start":{"line":101,"column":16},"end":{"line":104,"column":25}},"type":"binary-expr","locations":[{"start":{"line":101,"column":16},"end":{"line":104,"column":12}},{"start":{"line":104,"column":16},"end":{"line":104,"column":25}}]},"6":{"loc":{"start":{"line":103,"column":13},"end":{"line":103,"column":32}},"type":"binary-expr","locations":[{"start":{"line":103,"column":13},"end":{"line":103,"column":26}},{"start":{"line":103,"column":30},"end":{"line":103,"column":32}}]},"7":{"loc":{"start":{"line":108,"column":13},"end":{"line":108,"column":51}},"type":"binary-expr","locations":[{"start":{"line":108,"column":13},"end":{"line":108,"column":45}},{"start":{"line":108,"column":49},"end":{"line":108,"column":51}}]},"8":{"loc":{"start":{"line":110,"column":23},"end":{"line":110,"column":114}},"type":"cond-expr","locations":[{"start":{"line":110,"column":41},"end":{"line":110,"column":102}},{"start":{"line":110,"column":105},"end":{"line":110,"column":114}}]},"9":{"loc":{"start":{"line":118,"column":2},"end":{"line":130,"column":3}},"type":"if","locations":[{"start":{"line":118,"column":2},"end":{"line":130,"column":3}},{"start":{},"end":{}}]}},"s":{"0":1,"1":1,"2":1,"3":1,"4":1,"5":1,"6":1,"7":10,"8":0,"9":2,"10":2,"11":2,"12":2,"13":2,"14":2,"15":2,"16":2,"17":4,"18":4,"19":4,"20":4,"21":4,"22":2,"23":4,"24":4,"25":1,"26":1,"27":1,"28":4},"f":{"0":10,"1":0,"2":2,"3":4,"4":2},"b":{"0":[0,0],"1":[1,3],"2":[1,2],"3":[4,3],"4":[4,4],"5":[4,3],"6":[4,4],"7":[4,4],"8":[1,3],"9":[1,3]}}
,"/home/redsec/Ambiente/prompt-generator/src/core/ai.ts": {"path":"/home/redsec/Ambiente/prompt-generator/src/core/ai.ts","statementMap":{"0":{"start":{"line":228,"column":0},"end":{"line":228,"column":7}},"1":{"start":{"line":259,"column":0},"end":{"line":259,"column":7}},"2":{"start":{"line":1,"column":0},"end":{"line":1,"column":22}},"3":{"start":{"line":2,"column":0},"end":{"line":2,"column":26}},"4":{"start":{"line":3,"column":0},"end":{"line":3,"column":39}},"5":{"start":{"line":23,"column":2},"end":{"line":24,"column":69}},"6":{"start":{"line":29,"column":2},"end":{"line":29,"column":92}},"7":{"start":{"line":29,"column":30},"end":{"line":29,"column":59}},"8":{"start":{"line":29,"column":61},"end":{"line":29,"column":81}},"9":{"start":{"line":29,"column":82},"end":{"line":29,"column":90}},"10":{"start":{"line":30,"column":2},"end":{"line":30,"column":11}},"11":{"start":{"line":34,"column":2},"end":{"line":34,"column":77}},"12":{"start":{"line":39,"column":15},"end":{"line":39,"column":66}},"13":{"start":{"line":40,"column":2},"end":{"line":45,"column":3}},"14":{"start":{"line":41,"column":14},"end":{"line":41,"column":84}},"15":{"start":{"line":42,"column":4},"end":{"line":42,"column":16}},"16":{"start":{"line":44,"column":4},"end":{"line":44,"column":17}},"17":{"start":{"line":51,"column":18},"end":{"line":51,"column":39}},"18":{"start":{"line":52,"column":18},"end":{"line":52,"column":35}},"19":{"start":{"line":53,"column":13},"end":{"line":53,"column":15}},"20":{"start":{"line":54,"column":13},"end":{"line":54,"column":15}},"21":{"start":{"line":56,"column":2},"end":{"line":56,"column":32}},"22":{"start":{"line":58,"column":2},"end":{"line":74,"column":3}},"23":{"start":{"line":59,"column":28},"end":{"line":59,"column":47}},"24":{"start":{"line":60,"column":4},"end":{"line":60,"column":63}},"25":{"start":{"line":60,"column":15},"end":{"line":60,"column":63}},"26":{"start":{"line":62,"column":18},"end":{"line":62,"column":33}},"27":{"start":{"line":63,"column":4},"end":{"line":63,"column":28}},"28":{"start":{"line":65,"column":4},"end":{"line":72,"column":5}},"29":{"start":{"line":66,"column":6},"end":{"line":66,"column":33}},"30":{"start":{"line":66,"column":24},"end":{"line":66,"column":33}},"31":{"start":{"line":67,"column":6},"end":{"line":71,"column":40}},"32":{"start":{"line":68,"column":20},"end":{"line":68,"column":77}},"33":{"start":{"line":69,"column":8},"end":{"line":69,"column":87}},"34":{"start":{"line":69,"column":28},"end":{"line":69,"column":49}},"35":{"start":{"line":69,"column":50},"end":{"line":69,"column":85}},"36":{"start":{"line":70,"column":8},"end":{"line":70,"column":61}},"37":{"start":{"line":70,"column":28},"end":{"line":70,"column":46}},"38":{"start":{"line":70,"column":47},"end":{"line":70,"column":59}},"39":{"start":{"line":73,"column":4},"end":{"line":73,"column":20}},"40":{"start":{"line":73,"column":14},"end":{"line":73,"column":20}},"41":{"start":{"line":75,"column":2},"end":{"line":75,"column":20}},"42":{"start":{"line":76,"column":2},"end":{"line":76,"column":14}},"43":{"start":{"line":80,"column":20},"end":{"line":80,"column":65}},"44":{"start":{"line":81,"column":20},"end":{"line":81,"column":71}},"45":{"start":{"line":82,"column":20},"end":{"line":82,"column":72}},"46":{"start":{"line":84,"column":18},"end":{"line":84,"column":88}},"47":{"start":{"line":86,"column":2},"end":{"line":108,"column":3}},"48":{"start":{"line":87,"column":16},"end":{"line":97,"column":6}},"49":{"start":{"line":88,"column":25},"end":{"line":88,"column":46}},"50":{"start":{"line":89,"column":20},"end":{"line":89,"column":67}},"51":{"start":{"line":89,"column":37},"end":{"line":89,"column":55}},"52":{"start":{"line":90,"column":6},"end":{"line":96,"column":54}},"53":{"start":{"line":95,"column":21},"end":{"line":95,"column":41}},"54":{"start":{"line":95,"column":42},"end":{"line":95,"column":66}},"55":{"start":{"line":96,"column":21},"end":{"line":96,"column":41}},"56":{"start":{"line":96,"column":42},"end":{"line":96,"column":50}},"57":{"start":{"line":99,"column":4},"end":{"line":99,"column":19}},"58":{"start":{"line":100,"column":4},"end":{"line":100,"column":29}},"59":{"start":{"line":102,"column":4},"end":{"line":106,"column":7}},"60":{"start":{"line":107,"column":4},"end":{"line":107,"column":12}},"61":{"start":{"line":114,"column":18},"end":{"line":114,"column":39}},"62":{"start":{"line":115,"column":18},"end":{"line":115,"column":35}},"63":{"start":{"line":116,"column":13},"end":{"line":116,"column":15}},"64":{"start":{"line":117,"column":13},"end":{"line":117,"column":15}},"65":{"start":{"line":119,"column":2},"end":{"line":119,"column":21}},"66":{"start":{"line":121,"column":2},"end":{"line":147,"column":3}},"67":{"start":{"line":122,"column":28},"end":{"line":122,"column":47}},"68":{"start":{"line":123,"column":4},"end":{"line":123,"column":72}},"69":{"start":{"line":125,"column":19},"end":{"line":125,"column":36}},"70":{"start":{"line":126,"column":4},"end":{"line":126,"column":29}},"71":{"start":{"line":128,"column":4},"end":{"line":145,"column":5}},"72":{"start":{"line":129,"column":22},"end":{"line":134,"column":19}},"73":{"start":{"line":131,"column":21},"end":{"line":131,"column":43}},"74":{"start":{"line":132,"column":18},"end":{"line":132,"column":35}},"75":{"start":{"line":136,"column":6},"end":{"line":136,"column":53}},"76":{"start":{"line":136,"column":44},"end":{"line":136,"column":53}},"77":{"start":{"line":137,"column":6},"end":{"line":144,"column":42}},"78":{"start":{"line":138,"column":22},"end":{"line":138,"column":41}},"79":{"start":{"line":139,"column":22},"end":{"line":141,"column":53}},"80":{"start":{"line":142,"column":8},"end":{"line":142,"column":22}},"81":{"start":{"line":143,"column":8},"end":{"line":143,"column":36}},"82":{"start":{"line":146,"column":4},"end":{"line":146,"column":20}},"83":{"start":{"line":146,"column":14},"end":{"line":146,"column":20}},"84":{"start":{"line":148,"column":2},"end":{"line":148,"column":20}},"85":{"start":{"line":149,"column":2},"end":{"line":149,"column":14}},"86":{"start":{"line":153,"column":18},"end":{"line":153,"column":79}},"87":{"start":{"line":154,"column":2},"end":{"line":177,"column":3}},"88":{"start":{"line":155,"column":16},"end":{"line":170,"column":null}},"89":{"start":{"line":156,"column":6},"end":{"line":170,"column":28}},"90":{"start":{"line":172,"column":4},"end":{"line":172,"column":19}},"91":{"start":{"line":173,"column":4},"end":{"line":173,"column":48}},"92":{"start":{"line":175,"column":4},"end":{"line":175,"column":63}},"93":{"start":{"line":176,"column":4},"end":{"line":176,"column":12}},"94":{"start":{"line":181,"column":18},"end":{"line":181,"column":76}},"95":{"start":{"line":182,"column":2},"end":{"line":202,"column":3}},"96":{"start":{"line":183,"column":16},"end":{"line":195,"column":null}},"97":{"start":{"line":184,"column":6},"end":{"line":195,"column":28}},"98":{"start":{"line":197,"column":4},"end":{"line":197,"column":19}},"99":{"start":{"line":198,"column":4},"end":{"line":198,"column":45}},"100":{"start":{"line":200,"column":4},"end":{"line":200,"column":60}},"101":{"start":{"line":201,"column":4},"end":{"line":201,"column":12}},"102":{"start":{"line":208,"column":2},"end":{"line":208,"column":61}},"103":{"start":{"line":209,"column":2},"end":{"line":209,"column":46}},"104":{"start":{"line":210,"column":2},"end":{"line":210,"column":33}},"105":{"start":{"line":211,"column":2},"end":{"line":211,"column":12}},"106":{"start":{"line":217,"column":19},"end":{"line":217,"column":41}},"107":{"start":{"line":218,"column":19},"end":{"line":218,"column":57}},"108":{"start":{"line":220,"column":2},"end":{"line":220,"column":79}},"109":{"start":{"line":220,"column":15},"end":{"line":220,"column":79}},"110":{"start":{"line":221,"column":2},"end":{"line":221,"column":69}},"111":{"start":{"line":221,"column":32},"end":{"line":221,"column":69}},"112":{"start":{"line":222,"column":2},"end":{"line":222,"column":66}},"113":{"start":{"line":222,"column":32},"end":{"line":222,"column":66}},"114":{"start":{"line":223,"column":2},"end":{"line":223,"column":95}},"115":{"start":{"line":229,"column":16},"end":{"line":229,"column":45}},"116":{"start":{"line":231,"column":2},"end":{"line":255,"column":3}},"117":{"start":{"line":233,"column":6},"end":{"line":233,"column":32}},"118":{"start":{"line":236,"column":6},"end":{"line":236,"column":32}},"119":{"start":{"line":239,"column":6},"end":{"line":239,"column":32}},"120":{"start":{"line":244,"column":6},"end":{"line":246,"column":7}},"121":{"start":{"line":245,"column":8},"end":{"line":245,"column":73}},"122":{"start":{"line":245,"column":14},"end":{"line":245,"column":46}},"123":{"start":{"line":248,"column":6},"end":{"line":250,"column":7}},"124":{"start":{"line":249,"column":8},"end":{"line":249,"column":73}},"125":{"start":{"line":249,"column":14},"end":{"line":249,"column":46}},"126":{"start":{"line":252,"column":6},"end":{"line":252,"column":88}},"127":{"start":{"line":253,"column":6},"end":{"line":253,"column":32}},"128":{"start":{"line":260,"column":16},"end":{"line":260,"column":45}},"129":{"start":{"line":262,"column":2},"end":{"line":262,"column":80}},"130":{"start":{"line":262,"column":26},"end":{"line":262,"column":80}},"131":{"start":{"line":264,"column":2},"end":{"line":267,"column":3}},"132":{"start":{"line":265,"column":18},"end":{"line":265,"column":60}},"133":{"start":{"line":266,"column":4},"end":{"line":266,"column":75}},"134":{"start":{"line":269,"column":2},"end":{"line":273,"column":3}},"135":{"start":{"line":270,"column":21},"end":{"line":270,"column":59}},"136":{"start":{"line":271,"column":21},"end":{"line":271,"column":104}},"137":{"start":{"line":272,"column":4},"end":{"line":272,"column":101}},"138":{"start":{"line":275,"column":2},"end":{"line":275,"column":68}}},"fnMap":{"0":{"name":"throwOnStatus","decl":{"start":{"line":28,"column":9},"end":{"line":28,"column":22}},"loc":{"start":{"line":28,"column":34},"end":{"line":31,"column":1}}},"1":{"name":"printHeader","decl":{"start":{"line":33,"column":9},"end":{"line":33,"column":20}},"loc":{"start":{"line":33,"column":34},"end":{"line":35,"column":1}}},"2":{"name":"ollamaAvailable","decl":{"start":{"line":38,"column":15},"end":{"line":38,"column":30}},"loc":{"start":{"line":38,"column":30},"end":{"line":46,"column":1}}},"3":{"name":"streamOllama","decl":{"start":{"line":50,"column":15},"end":{"line":50,"column":27}},"loc":{"start":{"line":50,"column":41},"end":{"line":77,"column":1}}},"4":{"name":"callOllama","decl":{"start":{"line":79,"column":15},"end":{"line":79,"column":25}},"loc":{"start":{"line":79,"column":40},"end":{"line":109,"column":1}}},"5":{"name":"(anonymous_6)","decl":{"start":{"line":87,"column":49},"end":{"line":87,"column":52}},"loc":{"start":{"line":87,"column":54},"end":{"line":97,"column":5}}},"6":{"name":"(anonymous_7)","decl":{"start":{"line":89,"column":31},"end":{"line":89,"column":34}},"loc":{"start":{"line":89,"column":37},"end":{"line":89,"column":55}}},"7":{"name":"(anonymous_8)","decl":{"start":{"line":95,"column":14},"end":{"line":95,"column":15}},"loc":{"start":{"line":95,"column":18},"end":{"line":95,"column":68}}},"8":{"name":"(anonymous_9)","decl":{"start":{"line":96,"column":14},"end":{"line":96,"column":15}},"loc":{"start":{"line":96,"column":18},"end":{"line":96,"column":52}}},"9":{"name":"streamSSE","decl":{"start":{"line":113,"column":15},"end":{"line":113,"column":24}},"loc":{"start":{"line":113,"column":53},"end":{"line":150,"column":1}}},"10":{"name":"(anonymous_11)","decl":{"start":{"line":131,"column":16},"end":{"line":131,"column":17}},"loc":{"start":{"line":131,"column":21},"end":{"line":131,"column":43}}},"11":{"name":"(anonymous_12)","decl":{"start":{"line":132,"column":13},"end":{"line":132,"column":14}},"loc":{"start":{"line":132,"column":18},"end":{"line":132,"column":35}}},"12":{"name":"callAnthropic","decl":{"start":{"line":152,"column":15},"end":{"line":152,"column":28}},"loc":{"start":{"line":152,"column":59},"end":{"line":178,"column":1}}},"13":{"name":"(anonymous_14)","decl":{"start":{"line":155,"column":49},"end":{"line":155,"column":52}},"loc":{"start":{"line":156,"column":6},"end":{"line":170,"column":28}}},"14":{"name":"callOpenAI","decl":{"start":{"line":180,"column":15},"end":{"line":180,"column":25}},"loc":{"start":{"line":180,"column":56},"end":{"line":203,"column":1}}},"15":{"name":"(anonymous_16)","decl":{"start":{"line":183,"column":49},"end":{"line":183,"column":52}},"loc":{"start":{"line":184,"column":6},"end":{"line":195,"column":28}}},"16":{"name":"runOffline","decl":{"start":{"line":207,"column":9},"end":{"line":207,"column":19}},"loc":{"start":{"line":207,"column":34},"end":{"line":212,"column":1}}},"17":{"name":"callRemote","decl":{"start":{"line":216,"column":15},"end":{"line":216,"column":25}},"loc":{"start":{"line":216,"column":40},"end":{"line":224,"column":1}}},"18":{"name":"sendToAI","decl":{"start":{"line":228,"column":22},"end":{"line":228,"column":30}},"loc":{"start":{"line":228,"column":45},"end":{"line":256,"column":1}}},"19":{"name":"resolveAIStatus","decl":{"start":{"line":259,"column":22},"end":{"line":259,"column":37}},"loc":{"start":{"line":259,"column":37},"end":{"line":276,"column":1}}}},"branchMap":{"0":{"loc":{"start":{"line":29,"column":2},"end":{"line":29,"column":92}},"type":"if","locations":[{"start":{"line":29,"column":2},"end":{"line":29,"column":92}},{"start":{},"end":{}}]},"1":{"loc":{"start":{"line":39,"column":15},"end":{"line":39,"column":66}},"type":"binary-expr","locations":[{"start":{"line":39,"column":15},"end":{"line":39,"column":38}},{"start":{"line":39,"column":42},"end":{"line":39,"column":66}}]},"2":{"loc":{"start":{"line":60,"column":4},"end":{"line":60,"column":63}},"type":"if","locations":[{"start":{"line":60,"column":4},"end":{"line":60,"column":63}},{"start":{},"end":{}}]},"3":{"loc":{"start":{"line":63,"column":10},"end":{"line":63,"column":27}},"type":"binary-expr","locations":[{"start":{"line":63,"column":10},"end":{"line":63,"column":21}},{"start":{"line":63,"column":25},"end":{"line":63,"column":27}}]},"4":{"loc":{"start":{"line":66,"column":6},"end":{"line":66,"column":33}},"type":"if","locations":[{"start":{"line":66,"column":6},"end":{"line":66,"column":33}},{"start":{},"end":{}}]},"5":{"loc":{"start":{"line":69,"column":8},"end":{"line":69,"column":87}},"type":"if","locations":[{"start":{"line":69,"column":8},"end":{"line":69,"column":87}},{"start":{},"end":{}}]},"6":{"loc":{"start":{"line":70,"column":8},"end":{"line":70,"column":61}},"type":"if","locations":[{"start":{"line":70,"column":8},"end":{"line":70,"column":61}},{"start":{},"end":{}}]},"7":{"loc":{"start":{"line":73,"column":4},"end":{"line":73,"column":20}},"type":"if","locations":[{"start":{"line":73,"column":4},"end":{"line":73,"column":20}},{"start":{},"end":{}}]},"8":{"loc":{"start":{"line":80,"column":20},"end":{"line":80,"column":65}},"type":"binary-expr","locations":[{"start":{"line":80,"column":20},"end":{"line":80,"column":40}},{"start":{"line":80,"column":47},"end":{"line":80,"column":65}}]},"9":{"loc":{"start":{"line":81,"column":20},"end":{"line":81,"column":71}},"type":"binary-expr","locations":[{"start":{"line":81,"column":20},"end":{"line":81,"column":43}},{"start":{"line":81,"column":47},"end":{"line":81,"column":71}}]},"10":{"loc":{"start":{"line":82,"column":29},"end":{"line":82,"column":67}},"type":"binary-expr","locations":[{"start":{"line":82,"column":29},"end":{"line":82,"column":55}},{"start":{"line":82,"column":59},"end":{"line":82,"column":67}}]},"11":{"loc":{"start":{"line":103,"column":6},"end":{"line":105,"column":32}},"type":"cond-expr","locations":[{"start":{"line":104,"column":10},"end":{"line":104,"column":74}},{"start":{"line":105,"column":10},"end":{"line":105,"column":32}}]},"12":{"loc":{"start":{"line":123,"column":26},"end":{"line":123,"column":51}},"type":"binary-expr","locations":[{"start":{"line":123,"column":26},"end":{"line":123,"column":31}},{"start":{"line":123,"column":35},"end":{"line":123,"column":51}}]},"13":{"loc":{"start":{"line":126,"column":10},"end":{"line":126,"column":28}},"type":"binary-expr","locations":[{"start":{"line":126,"column":10},"end":{"line":126,"column":22}},{"start":{"line":126,"column":26},"end":{"line":126,"column":28}}]},"14":{"loc":{"start":{"line":136,"column":6},"end":{"line":136,"column":53}},"type":"if","locations":[{"start":{"line":136,"column":6},"end":{"line":136,"column":53}},{"start":{},"end":{}}]},"15":{"loc":{"start":{"line":136,"column":10},"end":{"line":136,"column":42}},"type":"binary-expr","locations":[{"start":{"line":136,"column":10},"end":{"line":136,"column":18}},{"start":{"line":136,"column":22},"end":{"line":136,"column":42}}]},"16":{"loc":{"start":{"line":139,"column":22},"end":{"line":141,"column":53}},"type":"cond-expr","locations":[{"start":{"line":140,"column":13},"end":{"line":140,"column":35}},{"start":{"line":141,"column":13},"end":{"line":141,"column":52}}]},"17":{"loc":{"start":{"line":140,"column":13},"end":{"line":140,"column":35}},"type":"binary-expr","locations":[{"start":{"line":140,"column":13},"end":{"line":140,"column":29}},{"start":{"line":140,"column":33},"end":{"line":140,"column":35}}]},"18":{"loc":{"start":{"line":141,"column":13},"end":{"line":141,"column":52}},"type":"binary-expr","locations":[{"start":{"line":141,"column":13},"end":{"line":141,"column":46}},{"start":{"line":141,"column":50},"end":{"line":141,"column":52}}]},"19":{"loc":{"start":{"line":146,"column":4},"end":{"line":146,"column":20}},"type":"if","locations":[{"start":{"line":146,"column":4},"end":{"line":146,"column":20}},{"start":{},"end":{}}]},"20":{"loc":{"start":{"line":164,"column":22},"end":{"line":164,"column":65}},"type":"binary-expr","locations":[{"start":{"line":164,"column":22},"end":{"line":164,"column":42}},{"start":{"line":164,"column":46},"end":{"line":164,"column":65}}]},"21":{"loc":{"start":{"line":165,"column":31},"end":{"line":165,"column":66}},"type":"binary-expr","locations":[{"start":{"line":165,"column":31},"end":{"line":165,"column":56}},{"start":{"line":165,"column":60},"end":{"line":165,"column":66}}]},"22":{"loc":{"start":{"line":188,"column":20},"end":{"line":188,"column":52}},"type":"binary-expr","locations":[{"start":{"line":188,"column":20},"end":{"line":188,"column":40}},{"start":{"line":188,"column":44},"end":{"line":188,"column":52}}]},"23":{"loc":{"start":{"line":218,"column":19},"end":{"line":218,"column":57}},"type":"binary-expr","locations":[{"start":{"line":218,"column":19},"end":{"line":218,"column":42}},{"start":{"line":218,"column":46},"end":{"line":218,"column":57}}]},"24":{"loc":{"start":{"line":220,"column":2},"end":{"line":220,"column":79}},"type":"if","locations":[{"start":{"line":220,"column":2},"end":{"line":220,"column":79}},{"start":{},"end":{}}]},"25":{"loc":{"start":{"line":221,"column":2},"end":{"line":221,"column":69}},"type":"if","locations":[{"start":{"line":221,"column":2},"end":{"line":221,"column":69}},{"start":{},"end":{}}]},"26":{"loc":{"start":{"line":222,"column":2},"end":{"line":222,"column":66}},"type":"if","locations":[{"start":{"line":222,"column":2},"end":{"line":222,"column":66}},{"start":{},"end":{}}]},"27":{"loc":{"start":{"line":229,"column":16},"end":{"line":229,"column":45}},"type":"binary-expr","locations":[{"start":{"line":229,"column":16},"end":{"line":229,"column":35}},{"start":{"line":229,"column":39},"end":{"line":229,"column":45}}]},"28":{"loc":{"start":{"line":231,"column":2},"end":{"line":255,"column":3}},"type":"switch","locations":[{"start":{"line":232,"column":4},"end":{"line":233,"column":32}},{"start":{"line":235,"column":4},"end":{"line":236,"column":32}},{"start":{"line":238,"column":4},"end":{"line":239,"column":32}},{"start":{"line":241,"column":4},"end":{"line":241,"column":16}},{"start":{"line":242,"column":4},"end":{"line":254,"column":5}}]},"29":{"loc":{"start":{"line":244,"column":6},"end":{"line":246,"column":7}},"type":"if","locations":[{"start":{"line":244,"column":6},"end":{"line":246,"column":7}},{"start":{},"end":{}}]},"30":{"loc":{"start":{"line":248,"column":6},"end":{"line":250,"column":7}},"type":"if","locations":[{"start":{"line":248,"column":6},"end":{"line":250,"column":7}},{"start":{},"end":{}}]},"31":{"loc":{"start":{"line":260,"column":16},"end":{"line":260,"column":45}},"type":"binary-expr","locations":[{"start":{"line":260,"column":16},"end":{"line":260,"column":35}},{"start":{"line":260,"column":39},"end":{"line":260,"column":45}}]},"32":{"loc":{"start":{"line":262,"column":2},"end":{"line":262,"column":80}},"type":"if","locations":[{"start":{"line":262,"column":2},"end":{"line":262,"column":80}},{"start":{},"end":{}}]},"33":{"loc":{"start":{"line":264,"column":2},"end":{"line":267,"column":3}},"type":"if","locations":[{"start":{"line":264,"column":2},"end":{"line":267,"column":3}},{"start":{},"end":{}}]},"34":{"loc":{"start":{"line":264,"column":6},"end":{"line":264,"column":70}},"type":"binary-expr","locations":[{"start":{"line":264,"column":6},"end":{"line":264,"column":22}},{"start":{"line":264,"column":27},"end":{"line":264,"column":42}},{"start":{"line":264,"column":46},"end":{"line":264,"column":69}}]},"35":{"loc":{"start":{"line":265,"column":18},"end":{"line":265,"column":60}},"type":"binary-expr","locations":[{"start":{"line":265,"column":18},"end":{"line":265,"column":38}},{"start":{"line":265,"column":42},"end":{"line":265,"column":60}}]},"36":{"loc":{"start":{"line":269,"column":2},"end":{"line":273,"column":3}},"type":"if","locations":[{"start":{"line":269,"column":2},"end":{"line":273,"column":3}},{"start":{},"end":{}}]},"37":{"loc":{"start":{"line":269,"column":6},"end":{"line":269,"column":70}},"type":"binary-expr","locations":[{"start":{"line":269,"column":6},"end":{"line":269,"column":23}},{"start":{"line":269,"column":28},"end":{"line":269,"column":43}},{"start":{"line":269,"column":47},"end":{"line":269,"column":69}}]},"38":{"loc":{"start":{"line":270,"column":21},"end":{"line":270,"column":59}},"type":"binary-expr","locations":[{"start":{"line":270,"column":21},"end":{"line":270,"column":44}},{"start":{"line":270,"column":48},"end":{"line":270,"column":59}}]},"39":{"loc":{"start":{"line":271,"column":21},"end":{"line":271,"column":104}},"type":"binary-expr","locations":[{"start":{"line":271,"column":21},"end":{"line":271,"column":41}},{"start":{"line":271,"column":49},"end":{"line":271,"column":103}}]},"40":{"loc":{"start":{"line":271,"column":49},"end":{"line":271,"column":103}},"type":"cond-expr","locations":[{"start":{"line":271,"column":73},"end":{"line":271,"column":81}},{"start":{"line":271,"column":84},"end":{"line":271,"column":103}}]}},"s":{"0":1,"1":1,"2":1,"3":1,"4":1,"5":1,"6":16,"7":3,"8":3,"9":3,"10":13,"11":13,"12":3,"13":3,"14":3,"15":0,"16":3,"17":5,"18":5,"19":5,"20":5,"21":5,"22":5,"23":7,"24":7,"25":7,"26":7,"27":7,"28":7,"29":7,"30":0,"31":7,"32":7,"33":7,"34":6,"35":6,"36":7,"37":5,"38":5,"39":2,"40":0,"41":0,"42":0,"43":6,"44":6,"45":6,"46":6,"47":6,"48":6,"49":6,"50":6,"51":0,"52":6,"53":6,"54":6,"55":1,"56":1,"57":5,"58":5,"59":1,"60":1,"61":8,"62":8,"63":8,"64":8,"65":8,"66":8,"67":23,"68":23,"69":23,"70":23,"71":23,"72":15,"73":15,"74":15,"75":15,"76":8,"77":7,"78":7,"79":7,"80":7,"81":7,"82":23,"83":8,"84":8,"85":8,"86":8,"87":8,"88":8,"89":8,"90":6,"91":6,"92":2,"93":2,"94":2,"95":2,"96":2,"97":2,"98":2,"99":2,"100":0,"101":0,"102":3,"103":3,"104":3,"105":3,"106":11,"107":11,"108":11,"109":0,"110":11,"111":8,"112":3,"113":2,"114":1,"115":20,"116":20,"117":1,"118":6,"119":10,"120":3,"121":0,"122":0,"123":3,"124":1,"125":1,"126":2,"127":2,"128":4,"129":4,"130":1,"131":3,"132":1,"133":1,"134":2,"135":2,"136":2,"137":2,"138":0},"f":{"0":16,"1":13,"2":3,"3":5,"4":6,"5":6,"6":0,"7":6,"8":1,"9":8,"10":15,"11":15,"12":8,"13":8,"14":2,"15":2,"16":3,"17":11,"18":20,"19":4},"b":{"0":[3,13],"1":[3,3],"2":[7,0],"3":[7,0],"4":[0,7],"5":[6,1],"6":[5,2],"7":[0,2],"8":[6,5],"9":[6,5],"10":[6,6],"11":[0,1],"12":[23,8],"13":[23,0],"14":[8,7],"15":[15,15],"16":[4,3],"17":[4,0],"18":[3,1],"19":[8,15],"20":[8,7],"21":[8,8],"22":[2,2],"23":[11,0],"24":[0,11],"25":[8,3],"26":[2,1],"27":[20,0],"28":[1,6,10,3,3],"29":[0,3],"30":[1,2],"31":[4,0],"32":[1,3],"33":[1,2],"34":[3,2,0],"35":[1,1],"36":[2,0],"37":[2,0,0],"38":[2,1],"39":[2,2],"40":[0,2]}}
,"/home/redsec/Ambiente/prompt-generator/src/core/dataset.ts": {"path":"/home/redsec/Ambiente/prompt-generator/src/core/dataset.ts","statementMap":{"0":{"start":{"line":24,"column":0},"end":{"line":24,"column":16}},"1":{"start":{"line":1,"column":0},"end":{"line":1,"column":25}},"2":{"start":{"line":2,"column":0},"end":{"line":2,"column":29}},"3":{"start":{"line":3,"column":0},"end":{"line":3,"column":40}},"4":{"start":{"line":25,"column":18},"end":{"line":25,"column":44}},"5":{"start":{"line":27,"column":34},"end":{"line":33,"column":7}},"6":{"start":{"line":28,"column":18},"end":{"line":28,"column":40}},"7":{"start":{"line":29,"column":16},"end":{"line":33,"column":6}},"8":{"start":{"line":35,"column":2},"end":{"line":41,"column":3}},"9":{"start":{"line":36,"column":4},"end":{"line":39,"column":6}},"10":{"start":{"line":40,"column":4},"end":{"line":40,"column":11}},"11":{"start":{"line":43,"column":14},"end":{"line":43,"column":38}},"12":{"start":{"line":44,"column":2},"end":{"line":44,"column":65}},"13":{"start":{"line":44,"column":26},"end":{"line":44,"column":65}},"14":{"start":{"line":46,"column":16},"end":{"line":46,"column":51}},"15":{"start":{"line":46,"column":33},"end":{"line":46,"column":50}},"16":{"start":{"line":47,"column":2},"end":{"line":47,"column":49}},"17":{"start":{"line":49,"column":2},"end":{"line":49,"column":81}},"18":{"start":{"line":50,"column":2},"end":{"line":50,"column":47}},"19":{"start":{"line":52,"column":45},"end":{"line":52,"column":47}},"20":{"start":{"line":53,"column":2},"end":{"line":57,"column":7}},"21":{"start":{"line":54,"column":18},"end":{"line":54,"column":40}},"22":{"start":{"line":56,"column":6},"end":{"line":56,"column":81}},"23":{"start":{"line":59,"column":2},"end":{"line":61,"column":3}},"24":{"start":{"line":59,"column":71},"end":{"line":59,"column":82}},"25":{"start":{"line":60,"column":4},"end":{"line":60,"column":59}},"26":{"start":{"line":68,"column":0},"end":{"line":72,"column":1}},"27":{"start":{"line":69,"column":21},"end":{"line":69,"column":55}},"28":{"start":{"line":70,"column":21},"end":{"line":70,"column":57}},"29":{"start":{"line":71,"column":2},"end":{"line":71,"column":39}}},"fnMap":{"0":{"name":"exportDataset","decl":{"start":{"line":24,"column":16},"end":{"line":24,"column":29}},"loc":{"start":{"line":24,"column":63},"end":{"line":62,"column":1}}},"1":{"name":"(anonymous_10)","decl":{"start":{"line":28,"column":12},"end":{"line":28,"column":14}},"loc":{"start":{"line":28,"column":18},"end":{"line":28,"column":40}}},"2":{"name":"(anonymous_11)","decl":{"start":{"line":29,"column":9},"end":{"line":29,"column":11}},"loc":{"start":{"line":29,"column":16},"end":{"line":33,"column":6}}},"3":{"name":"(anonymous_12)","decl":{"start":{"line":46,"column":28},"end":{"line":46,"column":29}},"loc":{"start":{"line":46,"column":33},"end":{"line":46,"column":50}}},"4":{"name":"(anonymous_13)","decl":{"start":{"line":54,"column":12},"end":{"line":54,"column":14}},"loc":{"start":{"line":54,"column":18},"end":{"line":54,"column":40}}},"5":{"name":"(anonymous_14)","decl":{"start":{"line":55,"column":13},"end":{"line":55,"column":15}},"loc":{"start":{"line":55,"column":18},"end":{"line":57,"column":5}}},"6":{"name":"(anonymous_15)","decl":{"start":{"line":59,"column":61},"end":{"line":59,"column":62}},"loc":{"start":{"line":59,"column":71},"end":{"line":59,"column":82}}}},"branchMap":{"0":{"loc":{"start":{"line":24,"column":50},"end":{"line":24,"column":63}},"type":"default-arg","locations":[{"start":{"line":24,"column":62},"end":{"line":24,"column":63}}]},"1":{"loc":{"start":{"line":35,"column":2},"end":{"line":41,"column":3}},"type":"if","locations":[{"start":{"line":35,"column":2},"end":{"line":41,"column":3}},{"start":{},"end":{}}]},"2":{"loc":{"start":{"line":44,"column":2},"end":{"line":44,"column":65}},"type":"if","locations":[{"start":{"line":44,"column":2},"end":{"line":44,"column":65}},{"start":{},"end":{}}]},"3":{"loc":{"start":{"line":44,"column":6},"end":{"line":44,"column":24}},"type":"binary-expr","locations":[{"start":{"line":44,"column":6},"end":{"line":44,"column":9}},{"start":{"line":44,"column":13},"end":{"line":44,"column":24}}]},"4":{"loc":{"start":{"line":56,"column":40},"end":{"line":56,"column":75}},"type":"binary-expr","locations":[{"start":{"line":56,"column":40},"end":{"line":56,"column":70}},{"start":{"line":56,"column":74},"end":{"line":56,"column":75}}]},"5":{"loc":{"start":{"line":68,"column":0},"end":{"line":72,"column":1}},"type":"if","locations":[{"start":{"line":68,"column":0},"end":{"line":72,"column":1}},{"start":{},"end":{}}]},"6":{"loc":{"start":{"line":69,"column":21},"end":{"line":69,"column":55}},"type":"binary-expr","locations":[{"start":{"line":69,"column":21},"end":{"line":69,"column":36}},{"start":{"line":69,"column":40},"end":{"line":69,"column":55}}]},"7":{"loc":{"start":{"line":70,"column":30},"end":{"line":70,"column":52}},"type":"binary-expr","locations":[{"start":{"line":70,"column":30},"end":{"line":70,"column":45}},{"start":{"line":70,"column":49},"end":{"line":70,"column":52}}]}},"s":{"0":1,"1":1,"2":1,"3":1,"4":4,"5":4,"6":7,"7":4,"8":4,"9":1,"10":1,"11":3,"12":3,"13":3,"14":3,"15":4,"16":3,"17":3,"18":3,"19":3,"20":3,"21":6,"22":4,"23":3,"24":0,"25":3,"26":1,"27":0,"28":0,"29":0},"f":{"0":4,"1":7,"2":4,"3":4,"4":6,"5":4,"6":0},"b":{"0":[1],"1":[1,3],"2":[3,0],"3":[3,3],"4":[4,3],"5":[0,1],"6":[0,0],"7":[0,0]}}
,"/home/redsec/Ambiente/prompt-generator/src/core/engine.ts": {"path":"/home/redsec/Ambiente/prompt-generator/src/core/engine.ts","statementMap":{"0":{"start":{"line":2,"column":0},"end":{"line":2,"column":36}},"1":{"start":{"line":5,"column":64},"end":{"line":9,"column":2}},"2":{"start":{"line":12,"column":41},"end":{"line":12,"column":115}},"3":{"start":{"line":21,"column":29},"end":{"line":21,"column":31}},"4":{"start":{"line":22,"column":31},"end":{"line":22,"column":33}},"5":{"start":{"line":24,"column":4},"end":{"line":29,"column":5}},"6":{"start":{"line":25,"column":18},"end":{"line":25,"column":31}},"7":{"start":{"line":26,"column":6},"end":{"line":28,"column":7}},"8":{"start":{"line":27,"column":8},"end":{"line":27,"column":62}},"9":{"start":{"line":31,"column":4},"end":{"line":33,"column":5}},"10":{"start":{"line":32,"column":6},"end":{"line":32,"column":89}},"11":{"start":{"line":35,"column":25},"end":{"line":35,"column":58}},"12":{"start":{"line":36,"column":4},"end":{"line":40,"column":5}},"13":{"start":{"line":37,"column":6},"end":{"line":39,"column":8}},"14":{"start":{"line":42,"column":4},"end":{"line":42,"column":60}},"15":{"start":{"line":50,"column":30},"end":{"line":50,"column":51}},"16":{"start":{"line":51,"column":4},"end":{"line":51,"column":80}},"17":{"start":{"line":51,"column":16},"end":{"line":51,"column":80}},"18":{"start":{"line":53,"column":21},"end":{"line":53,"column":47}},"19":{"start":{"line":54,"column":4},"end":{"line":54,"column":81}},"20":{"start":{"line":54,"column":19},"end":{"line":54,"column":81}},"21":{"start":{"line":55,"column":4},"end":{"line":55,"column":28}},"22":{"start":{"line":14,"column":0},"end":{"line":14,"column":13}}},"fnMap":{"0":{"name":"(anonymous_1)","decl":{"start":{"line":20,"column":2},"end":{"line":20,"column":10}},"loc":{"start":{"line":20,"column":31},"end":{"line":43,"column":3}}},"1":{"name":"(anonymous_2)","decl":{"start":{"line":49,"column":2},"end":{"line":49,"column":6}},"loc":{"start":{"line":49,"column":27},"end":{"line":56,"column":3}}}},"branchMap":{"0":{"loc":{"start":{"line":26,"column":6},"end":{"line":28,"column":7}},"type":"if","locations":[{"start":{"line":26,"column":6},"end":{"line":28,"column":7}},{"start":{},"end":{}}]},"1":{"loc":{"start":{"line":26,"column":10},"end":{"line":26,"column":72}},"type":"binary-expr","locations":[{"start":{"line":26,"column":10},"end":{"line":26,"column":27}},{"start":{"line":26,"column":31},"end":{"line":26,"column":43}},{"start":{"line":26,"column":47},"end":{"line":26,"column":72}}]},"2":{"loc":{"start":{"line":31,"column":4},"end":{"line":33,"column":5}},"type":"if","locations":[{"start":{"line":31,"column":4},"end":{"line":33,"column":5}},{"start":{},"end":{}}]},"3":{"loc":{"start":{"line":31,"column":8},"end":{"line":31,"column":54}},"type":"binary-expr","locations":[{"start":{"line":31,"column":8},"end":{"line":31,"column":34}},{"start":{"line":31,"column":38},"end":{"line":31,"column":54}}]},"4":{"loc":{"start":{"line":35,"column":25},"end":{"line":35,"column":58}},"type":"binary-expr","locations":[{"start":{"line":35,"column":25},"end":{"line":35,"column":52}},{"start":{"line":35,"column":56},"end":{"line":35,"column":58}}]},"5":{"loc":{"start":{"line":36,"column":4},"end":{"line":40,"column":5}},"type":"if","locations":[{"start":{"line":36,"column":4},"end":{"line":40,"column":5}},{"start":{},"end":{}}]},"6":{"loc":{"start":{"line":51,"column":4},"end":{"line":51,"column":80}},"type":"if","locations":[{"start":{"line":51,"column":4},"end":{"line":51,"column":80}},{"start":{},"end":{}}]},"7":{"loc":{"start":{"line":54,"column":4},"end":{"line":54,"column":81}},"type":"if","locations":[{"start":{"line":54,"column":4},"end":{"line":54,"column":81}},{"start":{},"end":{}}]}},"s":{"0":1,"1":1,"2":1,"3":49,"4":49,"5":49,"6":343,"7":343,"8":4,"9":49,"10":1,"11":49,"12":49,"13":5,"14":49,"15":44,"16":44,"17":1,"18":43,"19":43,"20":1,"21":42,"22":1},"f":{"0":49,"1":44},"b":{"0":[4,339],"1":[343,343,343],"2":[1,48],"3":[49,5],"4":[49,1],"5":[5,44],"6":[1,43],"7":[1,42]}}
,"/home/redsec/Ambiente/prompt-generator/src/core/eval.ts": {"path":"/home/redsec/Ambiente/prompt-generator/src/core/eval.ts","statementMap":{"0":{"start":{"line":28,"column":0},"end":{"line":28,"column":7}},"1":{"start":{"line":1,"column":0},"end":{"line":1,"column":26}},"2":{"start":{"line":2,"column":0},"end":{"line":2,"column":45}},"3":{"start":{"line":3,"column":0},"end":{"line":3,"column":40}},"4":{"start":{"line":33,"column":19},"end":{"line":33,"column":38}},"5":{"start":{"line":34,"column":19},"end":{"line":34,"column":31}},"6":{"start":{"line":35,"column":32},"end":{"line":35,"column":34}},"7":{"start":{"line":37,"column":2},"end":{"line":37,"column":77}},"8":{"start":{"line":38,"column":2},"end":{"line":38,"column":120}},"9":{"start":{"line":39,"column":2},"end":{"line":39,"column":75}},"10":{"start":{"line":40,"column":2},"end":{"line":40,"column":59}},"11":{"start":{"line":41,"column":2},"end":{"line":41,"column":59}},"12":{"start":{"line":42,"column":2},"end":{"line":42,"column":59}},"13":{"start":{"line":44,"column":2},"end":{"line":65,"column":3}},"14":{"start":{"line":44,"column":15},"end":{"line":44,"column":16}},"15":{"start":{"line":45,"column":17},"end":{"line":45,"column":25}},"16":{"start":{"line":46,"column":4},"end":{"line":46,"column":78}},"17":{"start":{"line":47,"column":4},"end":{"line":47,"column":43}},"18":{"start":{"line":50,"column":4},"end":{"line":50,"column":41}},"19":{"start":{"line":51,"column":4},"end":{"line":51,"column":67}},"20":{"start":{"line":52,"column":21},"end":{"line":52,"column":56}},"21":{"start":{"line":55,"column":4},"end":{"line":55,"column":42}},"22":{"start":{"line":56,"column":4},"end":{"line":56,"column":70}},"23":{"start":{"line":57,"column":22},"end":{"line":57,"column":57}},"24":{"start":{"line":59,"column":4},"end":{"line":59,"column":48}},"25":{"start":{"line":61,"column":4},"end":{"line":61,"column":49}},"26":{"start":{"line":62,"column":4},"end":{"line":62,"column":37}},"27":{"start":{"line":63,"column":4},"end":{"line":63,"column":52}},"28":{"start":{"line":64,"column":4},"end":{"line":64,"column":38}},"29":{"start":{"line":68,"column":2},"end":{"line":68,"column":77}},"30":{"start":{"line":69,"column":2},"end":{"line":69,"column":120}},"31":{"start":{"line":70,"column":2},"end":{"line":70,"column":75}},"32":{"start":{"line":71,"column":2},"end":{"line":71,"column":59}},"33":{"start":{"line":72,"column":2},"end":{"line":72,"column":111}},"34":{"start":{"line":73,"column":2},"end":{"line":73,"column":89}},"35":{"start":{"line":74,"column":2},"end":{"line":74,"column":100}},"36":{"start":{"line":76,"column":2},"end":{"line":76,"column":17}},"37":{"start":{"line":83,"column":0},"end":{"line":101,"column":1}},"38":{"start":{"line":84,"column":19},"end":{"line":84,"column":40}},"39":{"start":{"line":87,"column":24},"end":{"line":93,"column":4}},"40":{"start":{"line":95,"column":16},"end":{"line":95,"column":62}},"41":{"start":{"line":97,"column":2},"end":{"line":100,"column":5}},"42":{"start":{"line":98,"column":4},"end":{"line":98,"column":68}},"43":{"start":{"line":99,"column":4},"end":{"line":99,"column":20}}},"fnMap":{"0":{"name":"runEval","decl":{"start":{"line":28,"column":22},"end":{"line":28,"column":29}},"loc":{"start":{"line":31,"column":37},"end":{"line":77,"column":1}}},"1":{"name":"(anonymous_2)","decl":{"start":{"line":97,"column":23},"end":{"line":97,"column":26}},"loc":{"start":{"line":97,"column":29},"end":{"line":100,"column":3}}}},"branchMap":{"0":{"loc":{"start":{"line":30,"column":2},"end":{"line":30,"column":29}},"type":"default-arg","locations":[{"start":{"line":30,"column":19},"end":{"line":30,"column":29}}]},"1":{"loc":{"start":{"line":31,"column":2},"end":{"line":31,"column":37}},"type":"default-arg","locations":[{"start":{"line":31,"column":19},"end":{"line":31,"column":37}}]},"2":{"loc":{"start":{"line":83,"column":0},"end":{"line":101,"column":1}},"type":"if","locations":[{"start":{"line":83,"column":0},"end":{"line":101,"column":1}},{"start":{},"end":{}}]},"3":{"loc":{"start":{"line":95,"column":16},"end":{"line":95,"column":62}},"type":"cond-expr","locations":[{"start":{"line":95,"column":38},"end":{"line":95,"column":46}},{"start":{"line":95,"column":49},"end":{"line":95,"column":62}}]}},"s":{"0":1,"1":1,"2":1,"3":1,"4":7,"5":7,"6":7,"7":7,"8":7,"9":7,"10":7,"11":7,"12":7,"13":7,"14":7,"15":9,"16":9,"17":9,"18":9,"19":9,"20":9,"21":9,"22":9,"23":9,"24":9,"25":9,"26":9,"27":9,"28":9,"29":7,"30":7,"31":7,"32":7,"33":7,"34":7,"35":7,"36":7,"37":1,"38":0,"39":0,"40":0,"41":0,"42":0,"43":0},"f":{"0":7,"1":0},"b":{"0":[5],"1":[5],"2":[0,1],"3":[0,0]}}
,"/home/redsec/Ambiente/prompt-generator/src/core/generator.ts": {"path":"/home/redsec/Ambiente/prompt-generator/src/core/generator.ts","statementMap":{"0":{"start":{"line":19,"column":0},"end":{"line":19,"column":7}},"1":{"start":{"line":61,"column":0},"end":{"line":61,"column":7}},"2":{"start":{"line":1,"column":0},"end":{"line":1,"column":32}},"3":{"start":{"line":6,"column":20},"end":{"line":10,"column":43}},"4":{"start":{"line":23,"column":16},"end":{"line":27,"column":24}},"5":{"start":{"line":24,"column":17},"end":{"line":24,"column":30}},"6":{"start":{"line":26,"column":14},"end":{"line":26,"column":80}},"7":{"start":{"line":29,"column":17},"end":{"line":33,"column":30}},"8":{"start":{"line":35,"column":17},"end":{"line":35,"column":39}},"9":{"start":{"line":36,"column":2},"end":{"line":36,"column":16}},"10":{"start":{"line":45,"column":53},"end":{"line":52,"column":2}},"11":{"start":{"line":65,"column":15},"end":{"line":65,"column":83}},"12":{"start":{"line":67,"column":15},"end":{"line":73,"column":12}},"13":{"start":{"line":75,"column":2},"end":{"line":75,"column":24}}},"fnMap":{"0":{"name":"generatePrompt","decl":{"start":{"line":19,"column":22},"end":{"line":19,"column":36}},"loc":{"start":{"line":21,"column":33},"end":{"line":37,"column":1}}},"1":{"name":"(anonymous_1)","decl":{"start":{"line":24,"column":12},"end":{"line":24,"column":13}},"loc":{"start":{"line":24,"column":17},"end":{"line":24,"column":30}}},"2":{"name":"(anonymous_2)","decl":{"start":{"line":26,"column":9},"end":{"line":26,"column":10}},"loc":{"start":{"line":26,"column":14},"end":{"line":26,"column":80}}},"3":{"name":"rewritePrompt","decl":{"start":{"line":61,"column":22},"end":{"line":61,"column":35}},"loc":{"start":{"line":63,"column":30},"end":{"line":76,"column":1}}}},"branchMap":{"0":{"loc":{"start":{"line":21,"column":2},"end":{"line":21,"column":33}},"type":"default-arg","locations":[{"start":{"line":21,"column":31},"end":{"line":21,"column":33}}]},"1":{"loc":{"start":{"line":31,"column":4},"end":{"line":31,"column":72}},"type":"cond-expr","locations":[{"start":{"line":31,"column":12},"end":{"line":31,"column":67}},{"start":{"line":31,"column":70},"end":{"line":31,"column":72}}]},"2":{"loc":{"start":{"line":65,"column":15},"end":{"line":65,"column":83}},"type":"binary-expr","locations":[{"start":{"line":65,"column":15},"end":{"line":65,"column":43}},{"start":{"line":65,"column":47},"end":{"line":65,"column":83}}]}},"s":{"0":1,"1":1,"2":1,"3":1,"4":4,"5":7,"6":4,"7":4,"8":4,"9":4,"10":1,"11":3,"12":3,"13":3},"f":{"0":4,"1":7,"2":4,"3":3},"b":{"0":[1],"1":[2,2],"2":[3,0]}}
,"/home/redsec/Ambiente/prompt-generator/src/core/learning.ts": {"path":"/home/redsec/Ambiente/prompt-generator/src/core/learning.ts","statementMap":{"0":{"start":{"line":46,"column":23},"end":{"line":46,"column":60}},"1":{"start":{"line":48,"column":4},"end":{"line":52,"column":5}},"2":{"start":{"line":49,"column":19},"end":{"line":49,"column":59}},"3":{"start":{"line":50,"column":6},"end":{"line":50,"column":20}},"4":{"start":{"line":51,"column":6},"end":{"line":51,"column":47}},"5":{"start":{"line":54,"column":40},"end":{"line":54,"column":42}},"6":{"start":{"line":56,"column":4},"end":{"line":75,"column":5}},"7":{"start":{"line":57,"column":6},"end":{"line":57,"column":39}},"8":{"start":{"line":57,"column":30},"end":{"line":57,"column":39}},"9":{"start":{"line":59,"column":29},"end":{"line":59,"column":63}},"10":{"start":{"line":60,"column":28},"end":{"line":60,"column":56}},"11":{"start":{"line":61,"column":24},"end":{"line":61,"column":82}},"12":{"start":{"line":61,"column":49},"end":{"line":61,"column":61}},"13":{"start":{"line":64,"column":8},"end":{"line":65,"column":47}},"14":{"start":{"line":67,"column":6},"end":{"line":74,"column":9}},"15":{"start":{"line":77,"column":4},"end":{"line":77,"column":68}},"16":{"start":{"line":77,"column":35},"end":{"line":77,"column":66}},"17":{"start":{"line":85,"column":21},"end":{"line":85,"column":79}},"18":{"start":{"line":85,"column":41},"end":{"line":85,"column":78}},"19":{"start":{"line":86,"column":4},"end":{"line":86,"column":39}},"20":{"start":{"line":86,"column":29},"end":{"line":86,"column":39}},"21":{"start":{"line":88,"column":27},"end":{"line":88,"column":62}},"22":{"start":{"line":89,"column":17},"end":{"line":89,"column":45}},"23":{"start":{"line":92,"column":27},"end":{"line":92,"column":71}},"24":{"start":{"line":95,"column":21},"end":{"line":95,"column":56}},"25":{"start":{"line":95,"column":42},"end":{"line":95,"column":55}},"26":{"start":{"line":96,"column":19},"end":{"line":98,"column":17}},"27":{"start":{"line":97,"column":44},"end":{"line":97,"column":59}},"28":{"start":{"line":100,"column":41},"end":{"line":100,"column":43}},"29":{"start":{"line":101,"column":4},"end":{"line":101,"column":76}},"30":{"start":{"line":101,"column":38},"end":{"line":101,"column":76}},"31":{"start":{"line":102,"column":4},"end":{"line":102,"column":38}},"32":{"start":{"line":102,"column":16},"end":{"line":102,"column":38}},"33":{"start":{"line":103,"column":4},"end":{"line":103,"column":17}},"34":{"start":{"line":111,"column":41},"end":{"line":111,"column":88}},"35":{"start":{"line":112,"column":43},"end":{"line":112,"column":90}},"36":{"start":{"line":114,"column":4},"end":{"line":117,"column":5}},"37":{"start":{"line":115,"column":6},"end":{"line":115,"column":40}},"38":{"start":{"line":116,"column":6},"end":{"line":116,"column":32}},"39":{"start":{"line":119,"column":4},"end":{"line":123,"column":6}},"40":{"start":{"line":129,"column":4},"end":{"line":130,"column":65}},"41":{"start":{"line":130,"column":30},"end":{"line":130,"column":59}},"42":{"start":{"line":134,"column":17},"end":{"line":134,"column":37}},"43":{"start":{"line":135,"column":4},"end":{"line":135,"column":61}},"44":{"start":{"line":135,"column":25},"end":{"line":135,"column":61}},"45":{"start":{"line":136,"column":4},"end":{"line":136,"column":74}},"46":{"start":{"line":136,"column":49},"end":{"line":136,"column":68}},"47":{"start":{"line":144,"column":34},"end":{"line":144,"column":36}},"48":{"start":{"line":146,"column":4},"end":{"line":148,"column":5}},"49":{"start":{"line":147,"column":6},"end":{"line":147,"column":85}},"50":{"start":{"line":150,"column":4},"end":{"line":152,"column":5}},"51":{"start":{"line":151,"column":6},"end":{"line":151,"column":107}},"52":{"start":{"line":154,"column":4},"end":{"line":156,"column":5}},"53":{"start":{"line":155,"column":6},"end":{"line":155,"column":86}},"54":{"start":{"line":158,"column":24},"end":{"line":158,"column":61}},"55":{"start":{"line":158,"column":44},"end":{"line":158,"column":60}},"56":{"start":{"line":159,"column":4},"end":{"line":168,"column":5}},"57":{"start":{"line":160,"column":25},"end":{"line":160,"column":91}},"58":{"start":{"line":160,"column":54},"end":{"line":160,"column":66}},"59":{"start":{"line":161,"column":29},"end":{"line":161,"column":67}},"60":{"start":{"line":161,"column":49},"end":{"line":161,"column":66}},"61":{"start":{"line":162,"column":25},"end":{"line":164,"column":11}},"62":{"start":{"line":163,"column":42},"end":{"line":163,"column":54}},"63":{"start":{"line":165,"column":6},"end":{"line":167,"column":7}},"64":{"start":{"line":166,"column":8},"end":{"line":166,"column":103}},"65":{"start":{"line":170,"column":4},"end":{"line":170,"column":23}},"66":{"start":{"line":40,"column":0},"end":{"line":40,"column":13}}},"fnMap":{"0":{"name":"(anonymous_0)","decl":{"start":{"line":45,"column":2},"end":{"line":45,"column":9}},"loc":{"start":{"line":45,"column":35},"end":{"line":78,"column":3}}},"1":{"name":"(anonymous_1)","decl":{"start":{"line":61,"column":39},"end":{"line":61,"column":40}},"loc":{"start":{"line":61,"column":49},"end":{"line":61,"column":61}}},"2":{"name":"(anonymous_2)","decl":{"start":{"line":77,"column":25},"end":{"line":77,"column":26}},"loc":{"start":{"line":77,"column":35},"end":{"line":77,"column":66}}},"3":{"name":"(anonymous_3)","decl":{"start":{"line":84,"column":2},"end":{"line":84,"column":9}},"loc":{"start":{"line":84,"column":57},"end":{"line":104,"column":3}}},"4":{"name":"(anonymous_4)","decl":{"start":{"line":85,"column":36},"end":{"line":85,"column":37}},"loc":{"start":{"line":85,"column":41},"end":{"line":85,"column":78}}},"5":{"name":"(anonymous_5)","decl":{"start":{"line":95,"column":37},"end":{"line":95,"column":38}},"loc":{"start":{"line":95,"column":42},"end":{"line":95,"column":55}}},"6":{"name":"(anonymous_6)","decl":{"start":{"line":97,"column":39},"end":{"line":97,"column":40}},"loc":{"start":{"line":97,"column":44},"end":{"line":97,"column":59}}},"7":{"name":"(anonymous_7)","decl":{"start":{"line":108,"column":10},"end":{"line":108,"column":30}},"loc":{"start":{"line":109,"column":29},"end":{"line":124,"column":3}}},"8":{"name":"(anonymous_8)","decl":{"start":{"line":126,"column":10},"end":{"line":126,"column":17}},"loc":{"start":{"line":127,"column":67},"end":{"line":131,"column":3}}},"9":{"name":"(anonymous_9)","decl":{"start":{"line":130,"column":14},"end":{"line":130,"column":15}},"loc":{"start":{"line":130,"column":30},"end":{"line":130,"column":59}}},"10":{"name":"(anonymous_10)","decl":{"start":{"line":133,"column":10},"end":{"line":133,"column":22}},"loc":{"start":{"line":133,"column":34},"end":{"line":137,"column":3}}},"11":{"name":"(anonymous_11)","decl":{"start":{"line":136,"column":38},"end":{"line":136,"column":39}},"loc":{"start":{"line":136,"column":49},"end":{"line":136,"column":68}}},"12":{"name":"(anonymous_12)","decl":{"start":{"line":139,"column":10},"end":{"line":139,"column":26}},"loc":{"start":{"line":142,"column":21},"end":{"line":171,"column":3}}},"13":{"name":"(anonymous_13)","decl":{"start":{"line":158,"column":39},"end":{"line":158,"column":40}},"loc":{"start":{"line":158,"column":44},"end":{"line":158,"column":60}}},"14":{"name":"(anonymous_14)","decl":{"start":{"line":160,"column":44},"end":{"line":160,"column":45}},"loc":{"start":{"line":160,"column":54},"end":{"line":160,"column":66}}},"15":{"name":"(anonymous_15)","decl":{"start":{"line":161,"column":44},"end":{"line":161,"column":45}},"loc":{"start":{"line":161,"column":49},"end":{"line":161,"column":66}}},"16":{"name":"(anonymous_16)","decl":{"start":{"line":163,"column":32},"end":{"line":163,"column":33}},"loc":{"start":{"line":163,"column":42},"end":{"line":163,"column":54}}}},"branchMap":{"0":{"loc":{"start":{"line":49,"column":19},"end":{"line":49,"column":59}},"type":"binary-expr","locations":[{"start":{"line":49,"column":19},"end":{"line":49,"column":53}},{"start":{"line":49,"column":57},"end":{"line":49,"column":59}}]},"1":{"loc":{"start":{"line":57,"column":6},"end":{"line":57,"column":39}},"type":"if","locations":[{"start":{"line":57,"column":6},"end":{"line":57,"column":39}},{"start":{},"end":{}}]},"2":{"loc":{"start":{"line":64,"column":8},"end":{"line":65,"column":47}},"type":"cond-expr","locations":[{"start":{"line":64,"column":30},"end":{"line":64,"column":35}},{"start":{"line":65,"column":8},"end":{"line":65,"column":47}}]},"3":{"loc":{"start":{"line":65,"column":8},"end":{"line":65,"column":47}},"type":"cond-expr","locations":[{"start":{"line":65,"column":30},"end":{"line":65,"column":38}},{"start":{"line":65,"column":41},"end":{"line":65,"column":47}}]},"4":{"loc":{"start":{"line":86,"column":4},"end":{"line":86,"column":39}},"type":"if","locations":[{"start":{"line":86,"column":4},"end":{"line":86,"column":39}},{"start":{},"end":{}}]},"5":{"loc":{"start":{"line":92,"column":27},"end":{"line":92,"column":71}},"type":"cond-expr","locations":[{"start":{"line":92,"column":55},"end":{"line":92,"column":59}},{"start":{"line":92,"column":62},"end":{"line":92,"column":71}}]},"6":{"loc":{"start":{"line":96,"column":19},"end":{"line":98,"column":17}},"type":"cond-expr","locations":[{"start":{"line":97,"column":8},"end":{"line":97,"column":61}},{"start":{"line":98,"column":8},"end":{"line":98,"column":17}}]},"7":{"loc":{"start":{"line":101,"column":4},"end":{"line":101,"column":76}},"type":"if","locations":[{"start":{"line":101,"column":4},"end":{"line":101,"column":76}},{"start":{},"end":{}}]},"8":{"loc":{"start":{"line":102,"column":4},"end":{"line":102,"column":38}},"type":"if","locations":[{"start":{"line":102,"column":4},"end":{"line":102,"column":38}},{"start":{},"end":{}}]},"9":{"loc":{"start":{"line":120,"column":22},"end":{"line":120,"column":81}},"type":"cond-expr","locations":[{"start":{"line":120,"column":50},"end":{"line":120,"column":77}},{"start":{"line":120,"column":80},"end":{"line":120,"column":81}}]},"10":{"loc":{"start":{"line":121,"column":22},"end":{"line":121,"column":89}},"type":"cond-expr","locations":[{"start":{"line":121,"column":50},"end":{"line":121,"column":85}},{"start":{"line":121,"column":88},"end":{"line":121,"column":89}}]},"11":{"loc":{"start":{"line":122,"column":22},"end":{"line":122,"column":97}},"type":"cond-expr","locations":[{"start":{"line":122,"column":50},"end":{"line":122,"column":93}},{"start":{"line":122,"column":96},"end":{"line":122,"column":97}}]},"12":{"loc":{"start":{"line":130,"column":30},"end":{"line":130,"column":59}},"type":"cond-expr","locations":[{"start":{"line":130,"column":49},"end":{"line":130,"column":52}},{"start":{"line":130,"column":55},"end":{"line":130,"column":59}}]},"13":{"loc":{"start":{"line":135,"column":38},"end":{"line":135,"column":54}},"type":"binary-expr","locations":[{"start":{"line":135,"column":38},"end":{"line":135,"column":49}},{"start":{"line":135,"column":53},"end":{"line":135,"column":54}}]},"14":{"loc":{"start":{"line":136,"column":49},"end":{"line":136,"column":68}},"type":"cond-expr","locations":[{"start":{"line":136,"column":63},"end":{"line":136,"column":64}},{"start":{"line":136,"column":67},"end":{"line":136,"column":68}}]},"15":{"loc":{"start":{"line":146,"column":4},"end":{"line":148,"column":5}},"type":"if","locations":[{"start":{"line":146,"column":4},"end":{"line":148,"column":5}},{"start":{},"end":{}}]},"16":{"loc":{"start":{"line":150,"column":4},"end":{"line":152,"column":5}},"type":"if","locations":[{"start":{"line":150,"column":4},"end":{"line":152,"column":5}},{"start":{},"end":{}}]},"17":{"loc":{"start":{"line":154,"column":4},"end":{"line":156,"column":5}},"type":"if","locations":[{"start":{"line":154,"column":4},"end":{"line":156,"column":5}},{"start":{},"end":{}}]},"18":{"loc":{"start":{"line":159,"column":4},"end":{"line":168,"column":5}},"type":"if","locations":[{"start":{"line":159,"column":4},"end":{"line":168,"column":5}},{"start":{},"end":{}}]},"19":{"loc":{"start":{"line":162,"column":25},"end":{"line":164,"column":11}},"type":"cond-expr","locations":[{"start":{"line":163,"column":10},"end":{"line":163,"column":82}},{"start":{"line":164,"column":10},"end":{"line":164,"column":11}}]},"20":{"loc":{"start":{"line":165,"column":6},"end":{"line":167,"column":7}},"type":"if","locations":[{"start":{"line":165,"column":6},"end":{"line":167,"column":7}},{"start":{},"end":{}}]}},"s":{"0":11,"1":11,"2":33,"3":33,"4":33,"5":11,"6":11,"7":12,"8":1,"9":11,"10":11,"11":11,"12":32,"13":11,"14":11,"15":11,"16":2,"17":6,"18":15,"19":6,"20":2,"21":4,"22":4,"23":4,"24":4,"25":11,"26":4,"27":6,"28":4,"29":4,"30":1,"31":4,"32":3,"33":4,"34":15,"35":15,"36":15,"37":43,"38":43,"39":15,"40":15,"41":30,"42":3,"43":3,"44":6,"45":3,"46":0,"47":11,"48":11,"49":1,"50":11,"51":2,"52":11,"53":6,"54":11,"55":32,"56":11,"57":1,"58":2,"59":1,"60":4,"61":1,"62":2,"63":1,"64":1,"65":11,"66":1},"f":{"0":11,"1":32,"2":2,"3":6,"4":15,"5":11,"6":6,"7":15,"8":15,"9":30,"10":3,"11":0,"12":11,"13":32,"14":2,"15":4,"16":2},"b":{"0":[33,12],"1":[1,11],"2":[11,0],"3":[0,0],"4":[2,4],"5":[1,3],"6":[3,1],"7":[1,3],"8":[3,1],"9":[12,3],"10":[9,6],"11":[5,10],"12":[8,22],"13":[6,3],"14":[0,0],"15":[1,10],"16":[2,9],"17":[6,5],"18":[1,10],"19":[1,0],"20":[1,0]}}
,"/home/redsec/Ambiente/prompt-generator/src/core/retry.ts": {"path":"/home/redsec/Ambiente/prompt-generator/src/core/retry.ts","statementMap":{"0":{"start":{"line":9,"column":21},"end":{"line":9,"column":34}},"1":{"start":{"line":10,"column":21},"end":{"line":10,"column":35}},"2":{"start":{"line":16,"column":4},"end":{"line":31,"column":5}},"3":{"start":{"line":16,"column":23},"end":{"line":16,"column":24}},"4":{"start":{"line":17,"column":6},"end":{"line":30,"column":7}},"5":{"start":{"line":18,"column":8},"end":{"line":18,"column":26}},"6":{"start":{"line":20,"column":8},"end":{"line":20,"column":24}},"7":{"start":{"line":21,"column":43},"end":{"line":21,"column":79}},"8":{"start":{"line":24,"column":8},"end":{"line":24,"column":50}},"9":{"start":{"line":24,"column":40},"end":{"line":24,"column":50}},"10":{"start":{"line":25,"column":8},"end":{"line":25,"column":81}},"11":{"start":{"line":25,"column":71},"end":{"line":25,"column":81}},"12":{"start":{"line":27,"column":8},"end":{"line":29,"column":9}},"13":{"start":{"line":28,"column":10},"end":{"line":28,"column":55}},"14":{"start":{"line":33,"column":4},"end":{"line":33,"column":20}},"15":{"start":{"line":7,"column":0},"end":{"line":7,"column":13}},"16":{"start":{"line":38,"column":2},"end":{"line":38,"column":57}},"17":{"start":{"line":38,"column":32},"end":{"line":38,"column":55}}},"fnMap":{"0":{"name":"(anonymous_0)","decl":{"start":{"line":8,"column":2},"end":{"line":8,"column":null}},"loc":{"start":{"line":10,"column":39},"end":{"line":11,"column":6}}},"1":{"name":"(anonymous_1)","decl":{"start":{"line":13,"column":2},"end":{"line":13,"column":7}},"loc":{"start":{"line":13,"column":39},"end":{"line":34,"column":3}}},"2":{"name":"sleep","decl":{"start":{"line":37,"column":9},"end":{"line":37,"column":14}},"loc":{"start":{"line":37,"column":25},"end":{"line":39,"column":1}}},"3":{"name":"(anonymous_3)","decl":{"start":{"line":38,"column":21},"end":{"line":38,"column":28}},"loc":{"start":{"line":38,"column":32},"end":{"line":38,"column":55}}}},"branchMap":{"0":{"loc":{"start":{"line":9,"column":21},"end":{"line":9,"column":35}},"type":"default-arg","locations":[{"start":{"line":9,"column":34},"end":{"line":9,"column":35}}]},"1":{"loc":{"start":{"line":10,"column":21},"end":{"line":10,"column":39}},"type":"default-arg","locations":[{"start":{"line":10,"column":35},"end":{"line":10,"column":39}}]},"2":{"loc":{"start":{"line":21,"column":43},"end":{"line":21,"column":79}},"type":"binary-expr","locations":[{"start":{"line":21,"column":43},"end":{"line":21,"column":54}},{"start":{"line":21,"column":58},"end":{"line":21,"column":79}}]},"3":{"loc":{"start":{"line":24,"column":8},"end":{"line":24,"column":50}},"type":"if","locations":[{"start":{"line":24,"column":8},"end":{"line":24,"column":50}},{"start":{},"end":{}}]},"4":{"loc":{"start":{"line":25,"column":8},"end":{"line":25,"column":81}},"type":"if","locations":[{"start":{"line":25,"column":8},"end":{"line":25,"column":81}},{"start":{},"end":{}}]},"5":{"loc":{"start":{"line":25,"column":12},"end":{"line":25,"column":69}},"type":"binary-expr","locations":[{"start":{"line":25,"column":12},"end":{"line":25,"column":18}},{"start":{"line":25,"column":22},"end":{"line":25,"column":35}},{"start":{"line":25,"column":39},"end":{"line":25,"column":51}},{"start":{"line":25,"column":55},"end":{"line":25,"column":69}}]},"6":{"loc":{"start":{"line":27,"column":8},"end":{"line":29,"column":9}},"type":"if","locations":[{"start":{"line":27,"column":8},"end":{"line":29,"column":9}},{"start":{},"end":{}}]}},"s":{"0":5,"1":5,"2":5,"3":5,"4":11,"5":11,"6":9,"7":9,"8":9,"9":0,"10":9,"11":1,"12":8,"13":6,"14":2,"15":1,"16":6,"17":6},"f":{"0":5,"1":5,"2":6,"3":6},"b":{"0":[0],"1":[0],"2":[9,3],"3":[0,9],"4":[1,8],"5":[9,6,6,4],"6":[6,2]}}
,"/home/redsec/Ambiente/prompt-generator/src/core/store.ts": {"path":"/home/redsec/Ambiente/prompt-generator/src/core/store.ts","statementMap":{"0":{"start":{"line":1,"column":0},"end":{"line":1,"column":25}},"1":{"start":{"line":2,"column":0},"end":{"line":2,"column":29}},"2":{"start":{"line":5,"column":19},"end":{"line":8,"column":null}},"3":{"start":{"line":11,"column":20},"end":{"line":11,"column":26}},"4":{"start":{"line":22,"column":11},"end":{"line":22,"column":42}},"5":{"start":{"line":26,"column":4},"end":{"line":26,"column":46}},"6":{"start":{"line":26,"column":36},"end":{"line":26,"column":46}},"7":{"start":{"line":27,"column":4},"end":{"line":32,"column":5}},"8":{"start":{"line":28,"column":6},"end":{"line":28,"column":82}},"9":{"start":{"line":31,"column":6},"end":{"line":31,"column":16}},"10":{"start":{"line":37,"column":20},"end":{"line":37,"column":31}},"11":{"start":{"line":38,"column":4},"end":{"line":38,"column":21}},"12":{"start":{"line":39,"column":20},"end":{"line":39,"column":88}},"13":{"start":{"line":40,"column":4},"end":{"line":40,"column":64}},"14":{"start":{"line":41,"column":4},"end":{"line":41,"column":67}},"15":{"start":{"line":46,"column":4},"end":{"line":46,"column":61}},"16":{"start":{"line":46,"column":35},"end":{"line":46,"column":61}},"17":{"start":{"line":51,"column":4},"end":{"line":51,"column":69}},"18":{"start":{"line":51,"column":36},"end":{"line":51,"column":67}},"19":{"start":{"line":56,"column":20},"end":{"line":56,"column":31}},"20":{"start":{"line":57,"column":4},"end":{"line":57,"column":64}},"21":{"start":{"line":57,"column":30},"end":{"line":57,"column":64}},"22":{"start":{"line":58,"column":16},"end":{"line":58,"column":76}},"23":{"start":{"line":58,"column":42},"end":{"line":58,"column":55}},"24":{"start":{"line":59,"column":4},"end":{"line":59,"column":76}},"25":{"start":{"line":20,"column":0},"end":{"line":20,"column":13}}},"fnMap":{"0":{"name":"(anonymous_9)","decl":{"start":{"line":20,"column":0},"end":{"line":20,"column":13}},"loc":{"start":{"line":20,"column":0},"end":{"line":61,"column":1}}},"1":{"name":"(anonymous_10)","decl":{"start":{"line":25,"column":2},"end":{"line":25,"column":6}},"loc":{"start":{"line":25,"column":6},"end":{"line":33,"column":3}}},"2":{"name":"(anonymous_11)","decl":{"start":{"line":36,"column":2},"end":{"line":36,"column":6}},"loc":{"start":{"line":36,"column":25},"end":{"line":42,"column":3}}},"3":{"name":"(anonymous_12)","decl":{"start":{"line":45,"column":2},"end":{"line":45,"column":7}},"loc":{"start":{"line":45,"column":7},"end":{"line":47,"column":3}}},"4":{"name":"(anonymous_13)","decl":{"start":{"line":50,"column":2},"end":{"line":50,"column":16}},"loc":{"start":{"line":50,"column":33},"end":{"line":52,"column":3}}},"5":{"name":"(anonymous_14)","decl":{"start":{"line":51,"column":30},"end":{"line":51,"column":32}},"loc":{"start":{"line":51,"column":36},"end":{"line":51,"column":67}}},"6":{"name":"(anonymous_15)","decl":{"start":{"line":55,"column":2},"end":{"line":55,"column":7}},"loc":{"start":{"line":55,"column":7},"end":{"line":60,"column":3}}},"7":{"name":"(anonymous_16)","decl":{"start":{"line":58,"column":31},"end":{"line":58,"column":32}},"loc":{"start":{"line":58,"column":42},"end":{"line":58,"column":55}}}},"branchMap":{"0":{"loc":{"start":{"line":6,"column":2},"end":{"line":6,"column":35}},"type":"binary-expr","locations":[{"start":{"line":6,"column":2},"end":{"line":6,"column":18}},{"start":{"line":6,"column":22},"end":{"line":6,"column":35}}]},"1":{"loc":{"start":{"line":26,"column":4},"end":{"line":26,"column":46}},"type":"if","locations":[{"start":{"line":26,"column":4},"end":{"line":26,"column":46}},{"start":{},"end":{}}]},"2":{"loc":{"start":{"line":39,"column":20},"end":{"line":39,"column":88}},"type":"cond-expr","locations":[{"start":{"line":39,"column":51},"end":{"line":39,"column":78}},{"start":{"line":39,"column":81},"end":{"line":39,"column":88}}]},"3":{"loc":{"start":{"line":46,"column":4},"end":{"line":46,"column":61}},"type":"if","locations":[{"start":{"line":46,"column":4},"end":{"line":46,"column":61}},{"start":{},"end":{}}]},"4":{"loc":{"start":{"line":57,"column":4},"end":{"line":57,"column":64}},"type":"if","locations":[{"start":{"line":57,"column":4},"end":{"line":57,"column":64}},{"start":{},"end":{}}]}},"s":{"0":2,"1":2,"2":2,"3":2,"4":17,"5":33,"6":13,"7":20,"8":20,"9":1,"10":18,"11":18,"12":18,"13":18,"14":18,"15":19,"16":11,"17":3,"18":6,"19":2,"20":2,"21":1,"22":1,"23":2,"24":1,"25":2},"f":{"0":17,"1":33,"2":18,"3":19,"4":3,"5":6,"6":2,"7":2},"b":{"0":[2,0],"1":[13,20],"2":[0,18],"3":[11,8],"4":[1,1]}}
,"/home/redsec/Ambiente/prompt-generator/src/core/templates.ts": {"path":"/home/redsec/Ambiente/prompt-generator/src/core/templates.ts","statementMap":{"0":{"start":{"line":15,"column":0},"end":{"line":15,"column":16}},"1":{"start":{"line":28,"column":0},"end":{"line":28,"column":16}},"2":{"start":{"line":4,"column":40},"end":{"line":13,"column":2}},"3":{"start":{"line":16,"column":44},"end":{"line":24,"column":4}},"4":{"start":{"line":25,"column":2},"end":{"line":25,"column":31}},"5":{"start":{"line":29,"column":38},"end":{"line":36,"column":4}},"6":{"start":{"line":37,"column":2},"end":{"line":37,"column":27}},"7":{"start":{"line":42,"column":2},"end":{"line":42,"column":42}},"8":{"start":{"line":46,"column":2},"end":{"line":46,"column":27}},"9":{"start":{"line":46,"column":14},"end":{"line":46,"column":27}},"10":{"start":{"line":47,"column":21},"end":{"line":47,"column":33}},"11":{"start":{"line":48,"column":2},"end":{"line":48,"column":63}},"12":{"start":{"line":52,"column":2},"end":{"line":52,"column":78}},"13":{"start":{"line":55,"column":65},"end":{"line":155,"column":2}},"14":{"start":{"line":56,"column":18},"end":{"line":66,"column":null}},"15":{"start":{"line":69,"column":15},"end":{"line":79,"column":null}},"16":{"start":{"line":82,"column":19},"end":{"line":92,"column":null}},"17":{"start":{"line":95,"column":20},"end":{"line":104,"column":null}},"18":{"start":{"line":107,"column":24},"end":{"line":114,"column":null}},"19":{"start":{"line":117,"column":22},"end":{"line":127,"column":null}},"20":{"start":{"line":130,"column":13},"end":{"line":140,"column":null}},"21":{"start":{"line":143,"column":19},"end":{"line":153,"column":null}},"22":{"start":{"line":157,"column":0},"end":{"line":157,"column":25}}},"fnMap":{"0":{"name":"formatLabel","decl":{"start":{"line":15,"column":16},"end":{"line":15,"column":27}},"loc":{"start":{"line":15,"column":48},"end":{"line":26,"column":1}}},"1":{"name":"toneLabel","decl":{"start":{"line":28,"column":16},"end":{"line":28,"column":25}},"loc":{"start":{"line":28,"column":38},"end":{"line":38,"column":1}}},"2":{"name":"lines","decl":{"start":{"line":41,"column":9},"end":{"line":41,"column":14}},"loc":{"start":{"line":41,"column":62},"end":{"line":43,"column":1}}},"3":{"name":"meaningful","decl":{"start":{"line":45,"column":9},"end":{"line":45,"column":19}},"loc":{"start":{"line":45,"column":34},"end":{"line":49,"column":1}}},"4":{"name":"hasRestrictions","decl":{"start":{"line":51,"column":9},"end":{"line":51,"column":24}},"loc":{"start":{"line":51,"column":40},"end":{"line":53,"column":1}}},"5":{"name":"(anonymous_5)","decl":{"start":{"line":56,"column":11},"end":{"line":56,"column":12}},"loc":{"start":{"line":56,"column":18},"end":{"line":66,"column":null}}},"6":{"name":"(anonymous_6)","decl":{"start":{"line":69,"column":8},"end":{"line":69,"column":9}},"loc":{"start":{"line":69,"column":15},"end":{"line":79,"column":null}}},"7":{"name":"(anonymous_7)","decl":{"start":{"line":82,"column":12},"end":{"line":82,"column":13}},"loc":{"start":{"line":82,"column":19},"end":{"line":92,"column":null}}},"8":{"name":"(anonymous_8)","decl":{"start":{"line":95,"column":13},"end":{"line":95,"column":14}},"loc":{"start":{"line":95,"column":20},"end":{"line":104,"column":null}}},"9":{"name":"(anonymous_9)","decl":{"start":{"line":107,"column":17},"end":{"line":107,"column":18}},"loc":{"start":{"line":107,"column":24},"end":{"line":114,"column":null}}},"10":{"name":"(anonymous_10)","decl":{"start":{"line":117,"column":15},"end":{"line":117,"column":16}},"loc":{"start":{"line":117,"column":22},"end":{"line":127,"column":null}}},"11":{"name":"(anonymous_11)","decl":{"start":{"line":130,"column":6},"end":{"line":130,"column":7}},"loc":{"start":{"line":130,"column":13},"end":{"line":140,"column":null}}},"12":{"name":"(anonymous_12)","decl":{"start":{"line":143,"column":12},"end":{"line":143,"column":13}},"loc":{"start":{"line":143,"column":19},"end":{"line":153,"column":null}}}},"branchMap":{"0":{"loc":{"start":{"line":25,"column":9},"end":{"line":25,"column":30}},"type":"binary-expr","locations":[{"start":{"line":25,"column":9},"end":{"line":25,"column":20}},{"start":{"line":25,"column":24},"end":{"line":25,"column":30}}]},"1":{"loc":{"start":{"line":37,"column":9},"end":{"line":37,"column":26}},"type":"binary-expr","locations":[{"start":{"line":37,"column":9},"end":{"line":37,"column":18}},{"start":{"line":37,"column":22},"end":{"line":37,"column":26}}]},"2":{"loc":{"start":{"line":46,"column":2},"end":{"line":46,"column":27}},"type":"if","locations":[{"start":{"line":46,"column":2},"end":{"line":46,"column":27}},{"start":{},"end":{}}]},"3":{"loc":{"start":{"line":48,"column":9},"end":{"line":48,"column":62}},"type":"cond-expr","locations":[{"start":{"line":48,"column":44},"end":{"line":48,"column":54}},{"start":{"line":48,"column":57},"end":{"line":48,"column":62}}]},"4":{"loc":{"start":{"line":48,"column":9},"end":{"line":48,"column":41}},"type":"binary-expr","locations":[{"start":{"line":48,"column":9},"end":{"line":48,"column":19}},{"start":{"line":48,"column":23},"end":{"line":48,"column":41}}]},"5":{"loc":{"start":{"line":52,"column":9},"end":{"line":52,"column":77}},"type":"binary-expr","locations":[{"start":{"line":52,"column":9},"end":{"line":52,"column":42}},{"start":{"line":52,"column":46},"end":{"line":52,"column":77}}]},"6":{"loc":{"start":{"line":52,"column":10},"end":{"line":52,"column":37}},"type":"binary-expr","locations":[{"start":{"line":52,"column":10},"end":{"line":52,"column":32}},{"start":{"line":52,"column":36},"end":{"line":52,"column":37}}]},"7":{"loc":{"start":{"line":60,"column":4},"end":{"line":60,"column":73}},"type":"binary-expr","locations":[{"start":{"line":60,"column":4},"end":{"line":60,"column":26}},{"start":{"line":60,"column":31},"end":{"line":60,"column":73}}]},"8":{"loc":{"start":{"line":61,"column":4},"end":{"line":61,"column":70}},"type":"binary-expr","locations":[{"start":{"line":61,"column":4},"end":{"line":61,"column":27}},{"start":{"line":61,"column":31},"end":{"line":61,"column":70}}]},"9":{"loc":{"start":{"line":63,"column":4},"end":{"line":63,"column":42}},"type":"binary-expr","locations":[{"start":{"line":63,"column":4},"end":{"line":63,"column":11}},{"start":{"line":63,"column":21},"end":{"line":63,"column":42}}]},"10":{"loc":{"start":{"line":64,"column":4},"end":{"line":64,"column":58}},"type":"binary-expr","locations":[{"start":{"line":64,"column":4},"end":{"line":64,"column":22}},{"start":{"line":64,"column":26},"end":{"line":64,"column":58}}]},"11":{"loc":{"start":{"line":65,"column":4},"end":{"line":65,"column":100}},"type":"binary-expr","locations":[{"start":{"line":65,"column":4},"end":{"line":65,"column":13}},{"start":{"line":65,"column":21},"end":{"line":65,"column":100}}]},"12":{"loc":{"start":{"line":66,"column":4},"end":{"line":66,"column":115}},"type":"binary-expr","locations":[{"start":{"line":66,"column":4},"end":{"line":66,"column":20}},{"start":{"line":66,"column":24},"end":{"line":66,"column":115}}]},"13":{"loc":{"start":{"line":71,"column":30},"end":{"line":71,"column":51}},"type":"binary-expr","locations":[{"start":{"line":71,"column":30},"end":{"line":71,"column":40}},{"start":{"line":71,"column":44},"end":{"line":71,"column":51}}]},"14":{"loc":{"start":{"line":72,"column":4},"end":{"line":72,"column":81}},"type":"binary-expr","locations":[{"start":{"line":72,"column":4},"end":{"line":72,"column":27}},{"start":{"line":72,"column":31},"end":{"line":72,"column":81}}]},"15":{"loc":{"start":{"line":75,"column":4},"end":{"line":75,"column":68}},"type":"binary-expr","locations":[{"start":{"line":75,"column":4},"end":{"line":75,"column":26}},{"start":{"line":75,"column":30},"end":{"line":75,"column":68}}]},"16":{"loc":{"start":{"line":77,"column":4},"end":{"line":77,"column":58}},"type":"binary-expr","locations":[{"start":{"line":77,"column":4},"end":{"line":77,"column":11}},{"start":{"line":77,"column":21},"end":{"line":77,"column":58}}]},"17":{"loc":{"start":{"line":78,"column":4},"end":{"line":78,"column":62}},"type":"binary-expr","locations":[{"start":{"line":78,"column":4},"end":{"line":78,"column":22}},{"start":{"line":78,"column":26},"end":{"line":78,"column":62}}]},"18":{"loc":{"start":{"line":79,"column":4},"end":{"line":79,"column":91}},"type":"binary-expr","locations":[{"start":{"line":79,"column":4},"end":{"line":79,"column":13}},{"start":{"line":79,"column":21},"end":{"line":79,"column":91}}]},"19":{"loc":{"start":{"line":85,"column":4},"end":{"line":85,"column":71}},"type":"binary-expr","locations":[{"start":{"line":85,"column":4},"end":{"line":85,"column":27}},{"start":{"line":85,"column":31},"end":{"line":85,"column":71}}]},"20":{"loc":{"start":{"line":87,"column":4},"end":{"line":87,"column":67}},"type":"binary-expr","locations":[{"start":{"line":87,"column":4},"end":{"line":87,"column":26}},{"start":{"line":87,"column":30},"end":{"line":87,"column":67}}]},"21":{"loc":{"start":{"line":89,"column":4},"end":{"line":89,"column":42}},"type":"binary-expr","locations":[{"start":{"line":89,"column":4},"end":{"line":89,"column":11}},{"start":{"line":89,"column":21},"end":{"line":89,"column":42}}]},"22":{"loc":{"start":{"line":90,"column":4},"end":{"line":90,"column":62}},"type":"binary-expr","locations":[{"start":{"line":90,"column":4},"end":{"line":90,"column":22}},{"start":{"line":90,"column":26},"end":{"line":90,"column":62}}]},"23":{"loc":{"start":{"line":91,"column":4},"end":{"line":91,"column":62}},"type":"binary-expr","locations":[{"start":{"line":91,"column":4},"end":{"line":91,"column":13}},{"start":{"line":91,"column":21},"end":{"line":91,"column":62}}]},"24":{"loc":{"start":{"line":92,"column":4},"end":{"line":92,"column":117}},"type":"binary-expr","locations":[{"start":{"line":92,"column":4},"end":{"line":92,"column":20}},{"start":{"line":92,"column":24},"end":{"line":92,"column":117}}]},"25":{"loc":{"start":{"line":98,"column":4},"end":{"line":98,"column":72}},"type":"binary-expr","locations":[{"start":{"line":98,"column":4},"end":{"line":98,"column":26}},{"start":{"line":98,"column":30},"end":{"line":98,"column":72}}]},"26":{"loc":{"start":{"line":99,"column":4},"end":{"line":99,"column":70}},"type":"binary-expr","locations":[{"start":{"line":99,"column":4},"end":{"line":99,"column":27}},{"start":{"line":99,"column":31},"end":{"line":99,"column":70}}]},"27":{"loc":{"start":{"line":102,"column":4},"end":{"line":102,"column":42}},"type":"binary-expr","locations":[{"start":{"line":102,"column":4},"end":{"line":102,"column":11}},{"start":{"line":102,"column":21},"end":{"line":102,"column":42}}]},"28":{"loc":{"start":{"line":103,"column":4},"end":{"line":103,"column":58}},"type":"binary-expr","locations":[{"start":{"line":103,"column":4},"end":{"line":103,"column":22}},{"start":{"line":103,"column":26},"end":{"line":103,"column":58}}]},"29":{"loc":{"start":{"line":104,"column":4},"end":{"line":104,"column":68}},"type":"binary-expr","locations":[{"start":{"line":104,"column":4},"end":{"line":104,"column":13}},{"start":{"line":104,"column":21},"end":{"line":104,"column":68}}]},"30":{"loc":{"start":{"line":110,"column":4},"end":{"line":110,"column":84}},"type":"binary-expr","locations":[{"start":{"line":110,"column":4},"end":{"line":110,"column":27}},{"start":{"line":110,"column":31},"end":{"line":110,"column":84}}]},"31":{"loc":{"start":{"line":111,"column":4},"end":{"line":111,"column":46}},"type":"binary-expr","locations":[{"start":{"line":111,"column":4},"end":{"line":111,"column":11}},{"start":{"line":111,"column":21},"end":{"line":111,"column":46}}]},"32":{"loc":{"start":{"line":112,"column":4},"end":{"line":112,"column":62}},"type":"binary-expr","locations":[{"start":{"line":112,"column":4},"end":{"line":112,"column":22}},{"start":{"line":112,"column":26},"end":{"line":112,"column":62}}]},"33":{"loc":{"start":{"line":113,"column":4},"end":{"line":113,"column":65}},"type":"binary-expr","locations":[{"start":{"line":113,"column":4},"end":{"line":113,"column":13}},{"start":{"line":113,"column":21},"end":{"line":113,"column":65}}]},"34":{"loc":{"start":{"line":114,"column":4},"end":{"line":114,"column":100}},"type":"binary-expr","locations":[{"start":{"line":114,"column":4},"end":{"line":114,"column":20}},{"start":{"line":114,"column":24},"end":{"line":114,"column":100}}]},"35":{"loc":{"start":{"line":120,"column":4},"end":{"line":120,"column":77}},"type":"binary-expr","locations":[{"start":{"line":120,"column":4},"end":{"line":120,"column":26}},{"start":{"line":120,"column":30},"end":{"line":120,"column":77}}]},"36":{"loc":{"start":{"line":121,"column":4},"end":{"line":121,"column":70}},"type":"binary-expr","locations":[{"start":{"line":121,"column":4},"end":{"line":121,"column":27}},{"start":{"line":121,"column":31},"end":{"line":121,"column":70}}]},"37":{"loc":{"start":{"line":124,"column":4},"end":{"line":124,"column":72}},"type":"binary-expr","locations":[{"start":{"line":124,"column":4},"end":{"line":124,"column":26}},{"start":{"line":124,"column":30},"end":{"line":124,"column":72}}]},"38":{"loc":{"start":{"line":125,"column":4},"end":{"line":125,"column":58}},"type":"binary-expr","locations":[{"start":{"line":125,"column":4},"end":{"line":125,"column":22}},{"start":{"line":125,"column":26},"end":{"line":125,"column":58}}]},"39":{"loc":{"start":{"line":126,"column":4},"end":{"line":126,"column":96}},"type":"binary-expr","locations":[{"start":{"line":126,"column":4},"end":{"line":126,"column":13}},{"start":{"line":126,"column":21},"end":{"line":126,"column":96}}]},"40":{"loc":{"start":{"line":127,"column":4},"end":{"line":127,"column":132}},"type":"binary-expr","locations":[{"start":{"line":127,"column":4},"end":{"line":127,"column":20}},{"start":{"line":127,"column":24},"end":{"line":127,"column":132}}]},"41":{"loc":{"start":{"line":133,"column":4},"end":{"line":133,"column":83}},"type":"binary-expr","locations":[{"start":{"line":133,"column":4},"end":{"line":133,"column":27}},{"start":{"line":133,"column":31},"end":{"line":133,"column":83}}]},"42":{"loc":{"start":{"line":135,"column":4},"end":{"line":135,"column":75}},"type":"binary-expr","locations":[{"start":{"line":135,"column":4},"end":{"line":135,"column":26}},{"start":{"line":135,"column":30},"end":{"line":135,"column":75}}]},"43":{"loc":{"start":{"line":137,"column":4},"end":{"line":137,"column":46}},"type":"binary-expr","locations":[{"start":{"line":137,"column":4},"end":{"line":137,"column":11}},{"start":{"line":137,"column":21},"end":{"line":137,"column":46}}]},"44":{"loc":{"start":{"line":138,"column":4},"end":{"line":138,"column":62}},"type":"binary-expr","locations":[{"start":{"line":138,"column":4},"end":{"line":138,"column":22}},{"start":{"line":138,"column":26},"end":{"line":138,"column":62}}]},"45":{"loc":{"start":{"line":139,"column":4},"end":{"line":139,"column":107}},"type":"binary-expr","locations":[{"start":{"line":139,"column":4},"end":{"line":139,"column":13}},{"start":{"line":139,"column":21},"end":{"line":139,"column":107}}]},"46":{"loc":{"start":{"line":140,"column":4},"end":{"line":140,"column":110}},"type":"binary-expr","locations":[{"start":{"line":140,"column":4},"end":{"line":140,"column":20}},{"start":{"line":140,"column":24},"end":{"line":140,"column":110}}]},"47":{"loc":{"start":{"line":146,"column":4},"end":{"line":146,"column":79}},"type":"binary-expr","locations":[{"start":{"line":146,"column":4},"end":{"line":146,"column":27}},{"start":{"line":146,"column":31},"end":{"line":146,"column":79}}]},"48":{"loc":{"start":{"line":149,"column":4},"end":{"line":149,"column":72}},"type":"binary-expr","locations":[{"start":{"line":149,"column":4},"end":{"line":149,"column":26}},{"start":{"line":149,"column":30},"end":{"line":149,"column":72}}]},"49":{"loc":{"start":{"line":150,"column":4},"end":{"line":150,"column":44}},"type":"binary-expr","locations":[{"start":{"line":150,"column":4},"end":{"line":150,"column":11}},{"start":{"line":150,"column":21},"end":{"line":150,"column":44}}]},"50":{"loc":{"start":{"line":151,"column":4},"end":{"line":151,"column":58}},"type":"binary-expr","locations":[{"start":{"line":151,"column":4},"end":{"line":151,"column":22}},{"start":{"line":151,"column":26},"end":{"line":151,"column":58}}]},"51":{"loc":{"start":{"line":152,"column":4},"end":{"line":152,"column":67}},"type":"binary-expr","locations":[{"start":{"line":152,"column":4},"end":{"line":152,"column":13}},{"start":{"line":152,"column":21},"end":{"line":152,"column":67}}]},"52":{"loc":{"start":{"line":153,"column":4},"end":{"line":153,"column":110}},"type":"binary-expr","locations":[{"start":{"line":153,"column":4},"end":{"line":153,"column":20}},{"start":{"line":153,"column":24},"end":{"line":153,"column":110}}]}},"s":{"0":1,"1":1,"2":1,"3":48,"4":48,"5":48,"6":48,"7":42,"8":153,"9":1,"10":152,"11":152,"12":43,"13":1,"14":1,"15":5,"16":27,"17":2,"18":1,"19":2,"20":2,"21":2,"22":1},"f":{"0":48,"1":48,"2":42,"3":153,"4":43,"5":1,"6":5,"7":27,"8":2,"9":1,"10":2,"11":2,"12":2},"b":{"0":[48,0],"1":[48,1],"2":[1,152],"3":[136,16],"4":[152,152],"5":[43,2],"6":[43,33],"7":[1,1],"8":[1,1],"9":[1,0],"10":[1,0],"11":[1,0],"12":[1,0],"13":[5,1],"14":[5,4],"15":[5,4],"16":[5,0],"17":[5,0],"18":[5,0],"19":[27,20],"20":[27,20],"21":[27,1],"22":[27,1],"23":[27,1],"24":[27,7],"25":[2,2],"26":[2,2],"27":[2,1],"28":[2,0],"29":[2,0],"30":[1,1],"31":[1,0],"32":[1,0],"33":[1,0],"34":[1,0],"35":[2,1],"36":[2,2],"37":[2,2],"38":[2,0],"39":[2,0],"40":[2,0],"41":[2,2],"42":[2,2],"43":[2,0],"44":[2,0],"45":[2,0],"46":[2,0],"47":[2,2],"48":[2,2],"49":[2,0],"50":[2,0],"51":[2,0],"52":[2,0]}}
,"/home/redsec/Ambiente/prompt-generator/src/core/variations.ts": {"path":"/home/redsec/Ambiente/prompt-generator/src/core/variations.ts","statementMap":{"0":{"start":{"line":2,"column":0},"end":{"line":2,"column":42}},"1":{"start":{"line":5,"column":10},"end":{"line":5,"column":40}},"2":{"start":{"line":14,"column":19},"end":{"line":21,"column":6}},"3":{"start":{"line":23,"column":23},"end":{"line":23,"column":77}},"4":{"start":{"line":26,"column":36},"end":{"line":26,"column":50}},"5":{"start":{"line":27,"column":16},"end":{"line":27,"column":105}},"6":{"start":{"line":29,"column":4},"end":{"line":29,"column":55}},"7":{"start":{"line":4,"column":0},"end":{"line":4,"column":13}}},"fnMap":{"0":{"name":"(anonymous_0)","decl":{"start":{"line":4,"column":0},"end":{"line":4,"column":13}},"loc":{"start":{"line":4,"column":0},"end":{"line":31,"column":1}}},"1":{"name":"(anonymous_1)","decl":{"start":{"line":13,"column":2},"end":{"line":13,"column":10}},"loc":{"start":{"line":13,"column":31},"end":{"line":30,"column":3}}}},"branchMap":{},"s":{"0":1,"1":1,"2":7,"3":7,"4":7,"5":7,"6":7,"7":1},"f":{"0":1,"1":7},"b":{}}
}
