TN:
SF:src/cli/args.ts
FN:62,parseArgs
FN:70,(anonymous_2)
FN:118,(anonymous_3)
FN:121,(anonymous_4)
FN:122,(anonymous_5)
FNF:5
FNH:5
FNDA:11,parseArgs
FNDA:154,(anonymous_2)
FNDA:2,(anonymous_3)
FNDA:9,(anonymous_4)
FNDA:17,(anonymous_5)
DA:1,1
DA:4,1
DA:40,1
DA:62,1
DA:63,11
DA:65,11
DA:66,0
DA:67,0
DA:70,11
DA:71,154
DA:72,154
DA:75,11
DA:76,11
DA:77,11
DA:78,11
DA:79,11
DA:80,11
DA:81,11
DA:82,11
DA:83,11
DA:84,11
DA:85,11
DA:86,11
DA:87,11
DA:88,11
DA:89,11
DA:90,11
DA:92,11
DA:93,11
DA:94,11
DA:96,11
DA:97,1
DA:98,1
DA:100,10
DA:101,1
DA:102,1
DA:104,9
DA:105,1
DA:106,1
DA:109,8
DA:110,8
DA:111,8
DA:112,8
DA:113,8
DA:114,8
DA:115,8
DA:116,8
DA:117,8
DA:118,8
DA:119,8
DA:121,9
DA:122,8
DA:123,17
DA:124,17
DA:127,8
LF:55
LH:53
BRDA:65,0,0,0
BRDA:65,0,1,11
BRDA:65,1,0,11
BRDA:65,1,1,11
BRDA:72,2,0,17
BRDA:72,2,1,137
BRDA:72,3,0,154
BRDA:72,3,1,17
BRDA:96,4,0,1
BRDA:96,4,1,10
BRDA:96,5,0,11
BRDA:96,5,1,2
BRDA:100,6,0,1
BRDA:100,6,1,9
BRDA:100,7,0,10
BRDA:100,7,1,2
BRDA:104,8,0,1
BRDA:104,8,1,8
BRDA:104,9,0,9
BRDA:104,9,1,2
BRDA:109,10,0,4
BRDA:109,10,1,4
BRDA:110,11,0,1
BRDA:110,11,1,7
BRDA:111,12,0,1
BRDA:111,12,1,7
BRDA:112,13,0,1
BRDA:112,13,1,7
BRDA:113,14,0,1
BRDA:113,14,1,7
BRDA:114,15,0,1
BRDA:114,15,1,7
BRDA:115,16,0,1
BRDA:115,16,1,7
BRDA:116,17,0,0
BRDA:116,17,1,8
BRDA:117,18,0,0
BRDA:117,18,1,8
BRDA:118,19,0,1
BRDA:118,19,1,7
BRDA:119,20,0,1
BRDA:119,20,1,7
BRDA:119,21,0,8
BRDA:119,21,1,1
BRDA:121,22,0,9
BRDA:121,22,1,9
BRDA:124,23,0,17
BRDA:124,23,1,10
BRDA:124,23,2,10
BRF:49
BRH:46
end_of_record
TN:
SF:src/cli/fields.ts
FN:35,req
FN:36,(anonymous_2)
FN:40,collectRequired
FN:89,collectOptional
FN:110,(anonymous_5)
FNF:5
FNH:4
FNDA:10,req
FNDA:0,(anonymous_2)
FNDA:2,collectRequired
FNDA:4,collectOptional
FNDA:2,(anonymous_5)
DA:1,1
DA:2,1
DA:5,1
DA:16,1
DA:25,1
DA:36,10
DA:40,1
DA:43,2
DA:49,2
DA:55,2
DA:61,2
DA:67,2
DA:73,2
DA:79,2
DA:85,2
DA:89,1
DA:93,4
DA:99,4
DA:101,4
DA:106,4
DA:110,4
DA:112,4
DA:118,4
DA:119,1
DA:124,1
DA:129,1
DA:132,4
LF:27
LH:27
BRDA:36,0,0,0
BRDA:36,0,1,0
BRDA:93,1,0,1
BRDA:93,1,1,3
BRDA:95,2,0,1
BRDA:95,2,1,2
BRDA:99,3,0,4
BRDA:99,3,1,3
BRDA:99,4,0,4
BRDA:99,4,1,4
BRDA:101,5,0,4
BRDA:101,5,1,3
BRDA:103,6,0,4
BRDA:103,6,1,4
BRDA:108,7,0,4
BRDA:108,7,1,4
BRDA:110,8,0,1
BRDA:110,8,1,3
BRDA:118,9,0,1
BRDA:118,9,1,3
BRF:20
BRH:18
end_of_record
TN:
SF:src/core/ai.ts
FN:28,throwOnStatus
FN:33,printHeader
FN:38,ollamaAvailable
FN:50,streamOllama
FN:79,callOllama
FN:87,(anonymous_6)
FN:89,(anonymous_7)
FN:95,(anonymous_8)
FN:96,(anonymous_9)
FN:113,streamSSE
FN:131,(anonymous_11)
FN:132,(anonymous_12)
FN:152,callAnthropic
FN:155,(anonymous_14)
FN:180,callOpenAI
FN:183,(anonymous_16)
FN:207,runOffline
FN:216,callRemote
FN:228,sendToAI
FN:259,resolveAIStatus
FNF:20
FNH:19
FNDA:16,throwOnStatus
FNDA:13,printHeader
FNDA:3,ollamaAvailable
FNDA:5,streamOllama
FNDA:6,callOllama
FNDA:6,(anonymous_6)
FNDA:0,(anonymous_7)
FNDA:6,(anonymous_8)
FNDA:1,(anonymous_9)
FNDA:8,streamSSE
FNDA:15,(anonymous_11)
FNDA:15,(anonymous_12)
FNDA:8,callAnthropic
FNDA:8,(anonymous_14)
FNDA:2,callOpenAI
FNDA:2,(anonymous_16)
FNDA:3,runOffline
FNDA:11,callRemote
FNDA:20,sendToAI
FNDA:4,resolveAIStatus
DA:1,1
DA:2,1
DA:3,1
DA:23,1
DA:29,16
DA:30,13
DA:34,13
DA:39,3
DA:40,3
DA:41,3
DA:42,0
DA:44,3
DA:51,5
DA:52,5
DA:53,5
DA:54,5
DA:56,5
DA:58,5
DA:59,7
DA:60,7
DA:62,7
DA:63,7
DA:65,7
DA:66,7
DA:67,7
DA:68,7
DA:69,7
DA:70,7
DA:73,2
DA:75,0
DA:76,0
DA:80,6
DA:81,6
DA:82,6
DA:84,6
DA:86,6
DA:87,6
DA:88,6
DA:89,6
DA:90,6
DA:95,6
DA:96,1
DA:99,5
DA:100,5
DA:102,1
DA:107,1
DA:114,8
DA:115,8
DA:116,8
DA:117,8
DA:119,8
DA:121,8
DA:122,23
DA:123,23
DA:125,23
DA:126,23
DA:128,23
DA:129,15
DA:131,15
DA:132,15
DA:136,15
DA:137,7
DA:138,7
DA:139,7
DA:142,7
DA:143,7
DA:146,23
DA:148,8
DA:149,8
DA:153,8
DA:154,8
DA:155,8
DA:156,8
DA:172,6
DA:173,6
DA:175,2
DA:176,2
DA:181,2
DA:182,2
DA:183,2
DA:184,2
DA:197,2
DA:198,2
DA:200,0
DA:201,0
DA:208,3
DA:209,3
DA:210,3
DA:211,3
DA:217,11
DA:218,11
DA:220,11
DA:221,11
DA:222,3
DA:223,1
DA:228,1
DA:229,20
DA:231,20
DA:233,1
DA:236,6
DA:239,10
DA:244,3
DA:245,0
DA:248,3
DA:249,1
DA:252,2
DA:253,2
DA:259,1
DA:260,4
DA:262,4
DA:264,3
DA:265,1
DA:266,1
DA:269,2
DA:270,2
DA:271,2
DA:272,2
DA:275,0
LF:118
LH:111
BRDA:29,0,0,3
BRDA:29,0,1,13
BRDA:39,1,0,3
BRDA:39,1,1,3
BRDA:60,2,0,7
BRDA:60,2,1,0
BRDA:63,3,0,7
BRDA:63,3,1,0
BRDA:66,4,0,0
BRDA:66,4,1,7
BRDA:69,5,0,6
BRDA:69,5,1,1
BRDA:70,6,0,5
BRDA:70,6,1,2
BRDA:73,7,0,0
BRDA:73,7,1,2
BRDA:80,8,0,6
BRDA:80,8,1,5
BRDA:81,9,0,6
BRDA:81,9,1,5
BRDA:82,10,0,6
BRDA:82,10,1,6
BRDA:103,11,0,0
BRDA:103,11,1,1
BRDA:123,12,0,23
BRDA:123,12,1,8
BRDA:126,13,0,23
BRDA:126,13,1,0
BRDA:136,14,0,8
BRDA:136,14,1,7
BRDA:136,15,0,15
BRDA:136,15,1,15
BRDA:139,16,0,4
BRDA:139,16,1,3
BRDA:140,17,0,4
BRDA:140,17,1,0
BRDA:141,18,0,3
BRDA:141,18,1,1
BRDA:146,19,0,8
BRDA:146,19,1,15
BRDA:164,20,0,8
BRDA:164,20,1,7
BRDA:165,21,0,8
BRDA:165,21,1,8
BRDA:188,22,0,2
BRDA:188,22,1,2
BRDA:218,23,0,11
BRDA:218,23,1,0
BRDA:220,24,0,0
BRDA:220,24,1,11
BRDA:221,25,0,8
BRDA:221,25,1,3
BRDA:222,26,0,2
BRDA:222,26,1,1
BRDA:229,27,0,20
BRDA:229,27,1,0
BRDA:231,28,0,1
BRDA:231,28,1,6
BRDA:231,28,2,10
BRDA:231,28,3,3
BRDA:231,28,4,3
BRDA:244,29,0,0
BRDA:244,29,1,3
BRDA:248,30,0,1
BRDA:248,30,1,2
BRDA:260,31,0,4
BRDA:260,31,1,0
BRDA:262,32,0,1
BRDA:262,32,1,3
BRDA:264,33,0,1
BRDA:264,33,1,2
BRDA:264,34,0,3
BRDA:264,34,1,2
BRDA:264,34,2,0
BRDA:265,35,0,1
BRDA:265,35,1,1
BRDA:269,36,0,2
BRDA:269,36,1,0
BRDA:269,37,0,2
BRDA:269,37,1,0
BRDA:269,37,2,0
BRDA:270,38,0,2
BRDA:270,38,1,1
BRDA:271,39,0,2
BRDA:271,39,1,2
BRDA:271,40,0,0
BRDA:271,40,1,2
BRF:87
BRH:70
end_of_record
TN:
SF:src/core/dataset.ts
FN:24,exportDataset
FN:28,(anonymous_10)
FN:29,(anonymous_11)
FN:46,(anonymous_12)
FN:54,(anonymous_13)
FN:55,(anonymous_14)
FN:59,(anonymous_15)
FNF:7
FNH:6
FNDA:4,exportDataset
FNDA:7,(anonymous_10)
FNDA:4,(anonymous_11)
FNDA:4,(anonymous_12)
FNDA:6,(anonymous_13)
FNDA:4,(anonymous_14)
FNDA:0,(anonymous_15)
DA:1,1
DA:2,1
DA:3,1
DA:24,1
DA:25,4
DA:27,4
DA:28,7
DA:29,4
DA:35,4
DA:36,1
DA:40,1
DA:43,3
DA:44,3
DA:46,4
DA:47,3
DA:49,3
DA:50,3
DA:52,3
DA:53,3
DA:54,6
DA:56,4
DA:59,3
DA:60,3
DA:68,1
DA:69,0
DA:70,0
DA:71,0
LF:27
LH:24
BRDA:24,0,0,1
BRDA:35,1,0,1
BRDA:35,1,1,3
BRDA:44,2,0,3
BRDA:44,2,1,0
BRDA:44,3,0,3
BRDA:44,3,1,3
BRDA:56,4,0,4
BRDA:56,4,1,3
BRDA:68,5,0,0
BRDA:68,5,1,1
BRDA:69,6,0,0
BRDA:69,6,1,0
BRDA:70,7,0,0
BRDA:70,7,1,0
BRF:15
BRH:9
end_of_record
TN:
SF:src/core/engine.ts
FN:20,(anonymous_1)
FN:49,(anonymous_2)
FNF:2
FNH:2
FNDA:49,(anonymous_1)
FNDA:44,(anonymous_2)
DA:2,1
DA:5,1
DA:12,1
DA:14,1
DA:21,49
DA:22,49
DA:24,49
DA:25,343
DA:26,343
DA:27,4
DA:31,49
DA:32,1
DA:35,49
DA:36,49
DA:37,5
DA:42,49
DA:50,44
DA:51,44
DA:53,43
DA:54,43
DA:55,42
LF:21
LH:21
BRDA:26,0,0,4
BRDA:26,0,1,339
BRDA:26,1,0,343
BRDA:26,1,1,343
BRDA:26,1,2,343
BRDA:31,2,0,1
BRDA:31,2,1,48
BRDA:31,3,0,49
BRDA:31,3,1,5
BRDA:35,4,0,49
BRDA:35,4,1,1
BRDA:36,5,0,5
BRDA:36,5,1,44
BRDA:51,6,0,1
BRDA:51,6,1,43
BRDA:54,7,0,1
BRDA:54,7,1,42
BRF:17
BRH:17
end_of_record
TN:
SF:src/core/eval.ts
FN:28,runEval
FN:97,(anonymous_2)
FNF:2
FNH:1
FNDA:7,runEval
FNDA:0,(anonymous_2)
DA:1,1
DA:2,1
DA:3,1
DA:28,1
DA:33,7
DA:34,7
DA:35,7
DA:37,7
DA:38,7
DA:39,7
DA:40,7
DA:41,7
DA:42,7
DA:44,7
DA:45,9
DA:46,9
DA:47,9
DA:50,9
DA:51,9
DA:52,9
DA:55,9
DA:56,9
DA:57,9
DA:59,9
DA:61,9
DA:62,9
DA:63,9
DA:64,9
DA:68,7
DA:69,7
DA:70,7
DA:71,7
DA:72,7
DA:73,7
DA:74,7
DA:76,7
DA:83,1
DA:84,0
DA:87,0
DA:95,0
DA:97,0
DA:98,0
DA:99,0
LF:43
LH:37
BRDA:30,0,0,5
BRDA:31,1,0,5
BRDA:83,2,0,0
BRDA:83,2,1,1
BRDA:95,3,0,0
BRDA:95,3,1,0
BRF:6
BRH:3
end_of_record
TN:
SF:src/core/generator.ts
FN:19,generatePrompt
FN:24,(anonymous_1)
FN:26,(anonymous_2)
FN:61,rewritePrompt
FNF:4
FNH:4
FNDA:4,generatePrompt
FNDA:7,(anonymous_1)
FNDA:4,(anonymous_2)
FNDA:3,rewritePrompt
DA:1,1
DA:6,1
DA:19,1
DA:23,4
DA:24,7
DA:26,4
DA:29,4
DA:35,4
DA:36,4
DA:45,1
DA:61,1
DA:65,3
DA:67,3
DA:75,3
LF:14
LH:14
BRDA:21,0,0,1
BRDA:31,1,0,2
BRDA:31,1,1,2
BRDA:65,2,0,3
BRDA:65,2,1,0
BRF:5
BRH:4
end_of_record
TN:
SF:src/core/learning.ts
FN:45,(anonymous_0)
FN:61,(anonymous_1)
FN:77,(anonymous_2)
FN:84,(anonymous_3)
FN:85,(anonymous_4)
FN:95,(anonymous_5)
FN:97,(anonymous_6)
FN:108,(anonymous_7)
FN:126,(anonymous_8)
FN:130,(anonymous_9)
FN:133,(anonymous_10)
FN:136,(anonymous_11)
FN:139,(anonymous_12)
FN:158,(anonymous_13)
FN:160,(anonymous_14)
FN:161,(anonymous_15)
FN:163,(anonymous_16)
FNF:17
FNH:16
FNDA:11,(anonymous_0)
FNDA:32,(anonymous_1)
FNDA:2,(anonymous_2)
FNDA:6,(anonymous_3)
FNDA:15,(anonymous_4)
FNDA:11,(anonymous_5)
FNDA:6,(anonymous_6)
FNDA:15,(anonymous_7)
FNDA:15,(anonymous_8)
FNDA:30,(anonymous_9)
FNDA:3,(anonymous_10)
FNDA:0,(anonymous_11)
FNDA:11,(anonymous_12)
FNDA:32,(anonymous_13)
FNDA:2,(anonymous_14)
FNDA:4,(anonymous_15)
FNDA:2,(anonymous_16)
DA:40,1
DA:46,11
DA:48,11
DA:49,33
DA:50,33
DA:51,33
DA:54,11
DA:56,11
DA:57,12
DA:59,11
DA:60,11
DA:61,32
DA:64,11
DA:67,11
DA:77,11
DA:85,15
DA:86,6
DA:88,4
DA:89,4
DA:92,4
DA:95,11
DA:96,4
DA:97,6
DA:100,4
DA:101,4
DA:102,4
DA:103,4
DA:111,15
DA:112,15
DA:114,15
DA:115,43
DA:116,43
DA:119,15
DA:129,15
DA:130,30
DA:134,3
DA:135,6
DA:136,3
DA:144,11
DA:146,11
DA:147,1
DA:150,11
DA:151,2
DA:154,11
DA:155,6
DA:158,32
DA:159,11
DA:160,2
DA:161,4
DA:162,1
DA:163,2
DA:165,1
DA:166,1
DA:170,11
LF:54
LH:54
BRDA:49,0,0,33
BRDA:49,0,1,12
BRDA:57,1,0,1
BRDA:57,1,1,11
BRDA:64,2,0,11
BRDA:64,2,1,0
BRDA:65,3,0,0
BRDA:65,3,1,0
BRDA:86,4,0,2
BRDA:86,4,1,4
BRDA:92,5,0,1
BRDA:92,5,1,3
BRDA:96,6,0,3
BRDA:96,6,1,1
BRDA:101,7,0,1
BRDA:101,7,1,3
BRDA:102,8,0,3
BRDA:102,8,1,1
BRDA:120,9,0,12
BRDA:120,9,1,3
BRDA:121,10,0,9
BRDA:121,10,1,6
BRDA:122,11,0,5
BRDA:122,11,1,10
BRDA:130,12,0,8
BRDA:130,12,1,22
BRDA:135,13,0,6
BRDA:135,13,1,3
BRDA:136,14,0,0
BRDA:136,14,1,0
BRDA:146,15,0,1
BRDA:146,15,1,10
BRDA:150,16,0,2
BRDA:150,16,1,9
BRDA:154,17,0,6
BRDA:154,17,1,5
BRDA:159,18,0,1
BRDA:159,18,1,10
BRDA:162,19,0,1
BRDA:162,19,1,0
BRDA:165,20,0,1
BRDA:165,20,1,0
BRF:42
BRH:35
end_of_record
TN:
SF:src/core/retry.ts
FN:8,(anonymous_0)
FN:13,(anonymous_1)
FN:37,sleep
FN:38,(anonymous_3)
FNF:4
FNH:4
FNDA:5,(anonymous_0)
FNDA:5,(anonymous_1)
FNDA:6,sleep
FNDA:6,(anonymous_3)
DA:7,1
DA:9,5
DA:10,5
DA:16,5
DA:17,11
DA:18,11
DA:20,9
DA:21,9
DA:24,9
DA:25,9
DA:27,8
DA:28,6
DA:33,2
DA:38,6
LF:14
LH:14
BRDA:9,0,0,0
BRDA:10,1,0,0
BRDA:21,2,0,9
BRDA:21,2,1,3
BRDA:24,3,0,0
BRDA:24,3,1,9
BRDA:25,4,0,1
BRDA:25,4,1,8
BRDA:25,5,0,9
BRDA:25,5,1,6
BRDA:25,5,2,6
BRDA:25,5,3,4
BRDA:27,6,0,6
BRDA:27,6,1,2
BRF:14
BRH:11
end_of_record
TN:
SF:src/core/store.ts
FN:20,(anonymous_9)
FN:25,(anonymous_10)
FN:36,(anonymous_11)
FN:45,(anonymous_12)
FN:50,(anonymous_13)
FN:51,(anonymous_14)
FN:55,(anonymous_15)
FN:58,(anonymous_16)
FNF:8
FNH:8
FNDA:17,(anonymous_9)
FNDA:33,(anonymous_10)
FNDA:18,(anonymous_11)
FNDA:19,(anonymous_12)
FNDA:3,(anonymous_13)
FNDA:6,(anonymous_14)
FNDA:2,(anonymous_15)
FNDA:2,(anonymous_16)
DA:1,2
DA:2,2
DA:5,2
DA:11,2
DA:20,2
DA:22,17
DA:26,33
DA:27,20
DA:28,20
DA:31,1
DA:37,18
DA:38,18
DA:39,18
DA:40,18
DA:41,18
DA:46,19
DA:51,6
DA:56,2
DA:57,2
DA:58,2
DA:59,1
LF:21
LH:21
BRDA:6,0,0,2
BRDA:6,0,1,0
BRDA:26,1,0,13
BRDA:26,1,1,20
BRDA:39,2,0,0
BRDA:39,2,1,18
BRDA:46,3,0,11
BRDA:46,3,1,8
BRDA:57,4,0,1
BRDA:57,4,1,1
BRF:10
BRH:8
end_of_record
TN:
SF:src/core/templates.ts
FN:15,formatLabel
FN:28,toneLabel
FN:41,lines
FN:45,meaningful
FN:51,hasRestrictions
FN:56,(anonymous_5)
FN:69,(anonymous_6)
FN:82,(anonymous_7)
FN:95,(anonymous_8)
FN:107,(anonymous_9)
FN:117,(anonymous_10)
FN:130,(anonymous_11)
FN:143,(anonymous_12)
FNF:13
FNH:13
FNDA:48,formatLabel
FNDA:48,toneLabel
FNDA:42,lines
FNDA:153,meaningful
FNDA:43,hasRestrictions
FNDA:1,(anonymous_5)
FNDA:5,(anonymous_6)
FNDA:27,(anonymous_7)
FNDA:2,(anonymous_8)
FNDA:1,(anonymous_9)
FNDA:2,(anonymous_10)
FNDA:2,(anonymous_11)
FNDA:2,(anonymous_12)
DA:4,1
DA:15,1
DA:16,48
DA:25,48
DA:28,1
DA:29,48
DA:37,48
DA:42,42
DA:46,153
DA:47,152
DA:48,152
DA:52,43
DA:55,1
DA:56,1
DA:69,5
DA:82,27
DA:95,2
DA:107,1
DA:117,2
DA:130,2
DA:143,2
DA:157,1
LF:22
LH:22
BRDA:25,0,0,48
BRDA:25,0,1,0
BRDA:37,1,0,48
BRDA:37,1,1,1
BRDA:46,2,0,1
BRDA:46,2,1,152
BRDA:48,3,0,136
BRDA:48,3,1,16
BRDA:48,4,0,152
BRDA:48,4,1,152
BRDA:52,5,0,43
BRDA:52,5,1,2
BRDA:52,6,0,43
BRDA:52,6,1,33
BRDA:60,7,0,1
BRDA:60,7,1,1
BRDA:61,8,0,1
BRDA:61,8,1,1
BRDA:63,9,0,1
BRDA:63,9,1,0
BRDA:64,10,0,1
BRDA:64,10,1,0
BRDA:65,11,0,1
BRDA:65,11,1,0
BRDA:66,12,0,1
BRDA:66,12,1,0
BRDA:71,13,0,5
BRDA:71,13,1,1
BRDA:72,14,0,5
BRDA:72,14,1,4
BRDA:75,15,0,5
BRDA:75,15,1,4
BRDA:77,16,0,5
BRDA:77,16,1,0
BRDA:78,17,0,5
BRDA:78,17,1,0
BRDA:79,18,0,5
BRDA:79,18,1,0
BRDA:85,19,0,27
BRDA:85,19,1,20
BRDA:87,20,0,27
BRDA:87,20,1,20
BRDA:89,21,0,27
BRDA:89,21,1,1
BRDA:90,22,0,27
BRDA:90,22,1,1
BRDA:91,23,0,27
BRDA:91,23,1,1
BRDA:92,24,0,27
BRDA:92,24,1,7
BRDA:98,25,0,2
BRDA:98,25,1,2
BRDA:99,26,0,2
BRDA:99,26,1,2
BRDA:102,27,0,2
BRDA:102,27,1,1
BRDA:103,28,0,2
BRDA:103,28,1,0
BRDA:104,29,0,2
BRDA:104,29,1,0
BRDA:110,30,0,1
BRDA:110,30,1,1
BRDA:111,31,0,1
BRDA:111,31,1,0
BRDA:112,32,0,1
BRDA:112,32,1,0
BRDA:113,33,0,1
BRDA:113,33,1,0
BRDA:114,34,0,1
BRDA:114,34,1,0
BRDA:120,35,0,2
BRDA:120,35,1,1
BRDA:121,36,0,2
BRDA:121,36,1,2
BRDA:124,37,0,2
BRDA:124,37,1,2
BRDA:125,38,0,2
BRDA:125,38,1,0
BRDA:126,39,0,2
BRDA:126,39,1,0
BRDA:127,40,0,2
BRDA:127,40,1,0
BRDA:133,41,0,2
BRDA:133,41,1,2
BRDA:135,42,0,2
BRDA:135,42,1,2
BRDA:137,43,0,2
BRDA:137,43,1,0
BRDA:138,44,0,2
BRDA:138,44,1,0
BRDA:139,45,0,2
BRDA:139,45,1,0
BRDA:140,46,0,2
BRDA:140,46,1,0
BRDA:146,47,0,2
BRDA:146,47,1,2
BRDA:149,48,0,2
BRDA:149,48,1,2
BRDA:150,49,0,2
BRDA:150,49,1,0
BRDA:151,50,0,2
BRDA:151,50,1,0
BRDA:152,51,0,2
BRDA:152,51,1,0
BRDA:153,52,0,2
BRDA:153,52,1,0
BRF:106
BRH:81
end_of_record
TN:
SF:src/core/variations.ts
FN:4,(anonymous_0)
FN:13,(anonymous_1)
FNF:2
FNH:2
FNDA:1,(anonymous_0)
FNDA:7,(anonymous_1)
DA:2,1
DA:4,1
DA:5,1
DA:14,7
DA:23,7
DA:26,7
DA:27,7
DA:29,7
LF:8
LH:8
BRF:0
BRH:0
end_of_record
